mode: set
github.com/stackql/stackql/internal/stackql/acid/binlog/log.go:25.12,27.2 1 1
github.com/stackql/stackql/internal/stackql/acid/binlog/log.go:32.12,37.2 1 1
github.com/stackql/stackql/internal/stackql/acid/binlog/log.go:39.58,41.31 2 1
github.com/stackql/stackql/internal/stackql/acid/binlog/log.go:41.31,44.3 2 1
github.com/stackql/stackql/internal/stackql/acid/binlog/log.go:45.2,49.31 5 1
github.com/stackql/stackql/internal/stackql/acid/binlog/log.go:49.31,52.3 2 1
github.com/stackql/stackql/internal/stackql/acid/binlog/log.go:53.2,54.33 2 1
github.com/stackql/stackql/internal/stackql/acid/binlog/log.go:57.37,59.2 1 1
github.com/stackql/stackql/internal/stackql/acid/binlog/log.go:61.43,67.2 5 1
github.com/stackql/stackql/internal/stackql/acid/binlog/log.go:69.42,71.2 1 1
github.com/stackql/stackql/internal/stackql/acid/binlog/log.go:73.46,75.2 1 1
github.com/stackql/stackql/internal/stackql/acid/binlog/log.go:77.54,79.2 1 1
github.com/stackql/stackql/internal/stackql/acid/binlog/log.go:81.56,83.2 1 1
github.com/stackql/stackql/internal/stackql/acid/txn_context/txn_context.go:17.23,21.2 1 1
github.com/stackql/stackql/internal/stackql/acid/txn_context/txn_context.go:23.51,25.2 1 1
github.com/stackql/stackql/internal/stackql/acid/txn_context/txn_coordinator_context.go:17.34,21.2 1 1
github.com/stackql/stackql/internal/stackql/acid/txn_context/txn_coordinator_context.go:23.65,25.2 1 1
github.com/stackql/stackql/internal/stackql/astanalysis/selectmetadata/select_metadata.go:18.18,25.2 1 1
github.com/stackql/stackql/internal/stackql/astanalysis/selectmetadata/select_metadata.go:41.73,43.2 1 1
github.com/stackql/stackql/internal/stackql/astanalysis/selectmetadata/select_metadata.go:45.86,47.2 1 1
github.com/stackql/stackql/internal/stackql/astanalysis/selectmetadata/select_metadata.go:49.101,51.2 1 1
github.com/stackql/stackql/internal/stackql/astanalysis/selectmetadata/select_metadata.go:53.89,55.2 1 1
github.com/stackql/stackql/internal/stackql/astanalysis/annotatedast/annotated_ast.go:11.90,26.2 2 1
github.com/stackql/stackql/internal/stackql/astanalysis/annotatedast/annotated_ast.go:69.56,70.21 1 1
github.com/stackql/stackql/internal/stackql/astanalysis/annotatedast/annotated_ast.go:70.21,72.39 2 0
github.com/stackql/stackql/internal/stackql/astanalysis/annotatedast/annotated_ast.go:72.39,74.4 1 0
github.com/stackql/stackql/internal/stackql/astanalysis/annotatedast/annotated_ast.go:76.2,76.14 1 1
github.com/stackql/stackql/internal/stackql/astanalysis/annotatedast/annotated_ast.go:79.70,80.26 1 1
github.com/stackql/stackql/internal/stackql/astanalysis/annotatedast/annotated_ast.go:81.23,82.37 1 1
github.com/stackql/stackql/internal/stackql/astanalysis/annotatedast/annotated_ast.go:83.25,84.37 1 1
github.com/stackql/stackql/internal/stackql/astanalysis/annotatedast/annotated_ast.go:85.25,86.37 1 0
github.com/stackql/stackql/internal/stackql/astanalysis/annotatedast/annotated_ast.go:87.25,88.37 1 0
github.com/stackql/stackql/internal/stackql/astanalysis/annotatedast/annotated_ast.go:89.10,90.15 1 1
github.com/stackql/stackql/internal/stackql/astanalysis/annotatedast/annotated_ast.go:94.103,97.2 2 1
github.com/stackql/stackql/internal/stackql/astanalysis/annotatedast/annotated_ast.go:99.62,101.45 2 1
github.com/stackql/stackql/internal/stackql/astanalysis/annotatedast/annotated_ast.go:101.45,102.31 1 1
github.com/stackql/stackql/internal/stackql/astanalysis/annotatedast/annotated_ast.go:103.30,104.34 1 0
github.com/stackql/stackql/internal/stackql/astanalysis/annotatedast/annotated_ast.go:105.11,105.11 0 1
github.com/stackql/stackql/internal/stackql/astanalysis/annotatedast/annotated_ast.go:108.2,108.11 1 1
github.com/stackql/stackql/internal/stackql/astanalysis/annotatedast/annotated_ast.go:111.105,113.2 1 1
github.com/stackql/stackql/internal/stackql/astanalysis/annotatedast/annotated_ast.go:115.107,118.2 2 1
github.com/stackql/stackql/internal/stackql/astanalysis/annotatedast/annotated_ast.go:120.109,122.2 1 1
github.com/stackql/stackql/internal/stackql/astanalysis/annotatedast/annotated_ast.go:124.110,126.2 1 1
github.com/stackql/stackql/internal/stackql/astanalysis/annotatedast/annotated_ast.go:128.108,130.8 2 1
github.com/stackql/stackql/internal/stackql/astanalysis/annotatedast/annotated_ast.go:130.8,132.3 1 1
github.com/stackql/stackql/internal/stackql/astanalysis/annotatedast/annotated_ast.go:133.2,133.31 1 0
github.com/stackql/stackql/internal/stackql/astanalysis/annotatedast/annotated_ast.go:134.25,135.33 1 0
github.com/stackql/stackql/internal/stackql/astanalysis/annotatedast/annotated_ast.go:136.24,138.16 2 0
github.com/stackql/stackql/internal/stackql/astanalysis/annotatedast/annotated_ast.go:139.30,140.20 1 0
github.com/stackql/stackql/internal/stackql/astanalysis/annotatedast/annotated_ast.go:141.10,142.20 1 0
github.com/stackql/stackql/internal/stackql/astanalysis/annotatedast/annotated_ast.go:146.113,148.2 1 1
github.com/stackql/stackql/internal/stackql/astanalysis/annotatedast/annotated_ast.go:150.111,153.2 2 1
github.com/stackql/stackql/internal/stackql/astanalysis/annotatedast/annotated_ast.go:155.62,157.2 1 1
github.com/stackql/stackql/internal/stackql/astanalysis/annotatedast/annotated_ast.go:159.51,161.2 1 1
github.com/stackql/stackql/internal/stackql/astanalysis/annotatedast/annotated_ast.go:163.116,166.2 2 1
github.com/stackql/stackql/internal/stackql/astanalysis/annotatedast/annotated_ast.go:168.114,170.2 1 1
github.com/stackql/stackql/internal/stackql/astanalysis/annotatedast/annotated_ast.go:172.98,173.26 1 1
github.com/stackql/stackql/internal/stackql/astanalysis/annotatedast/annotated_ast.go:174.35,176.9 2 0
github.com/stackql/stackql/internal/stackql/astanalysis/annotatedast/annotated_ast.go:176.9,178.4 1 0
github.com/stackql/stackql/internal/stackql/astanalysis/annotatedast/annotated_ast.go:179.3,179.32 1 0
github.com/stackql/stackql/internal/stackql/astanalysis/annotatedast/annotated_ast.go:180.27,182.16 2 1
github.com/stackql/stackql/internal/stackql/astanalysis/annotatedast/annotated_ast.go:183.22,185.16 2 0
github.com/stackql/stackql/internal/stackql/astanalysis/annotatedast/annotated_ast.go:186.42,188.16 2 0
github.com/stackql/stackql/internal/stackql/astanalysis/annotatedast/annotated_ast.go:189.10,190.20 1 0
github.com/stackql/stackql/internal/stackql/astanalysis/annotatedast/annotated_ast.go:194.106,195.26 1 1
github.com/stackql/stackql/internal/stackql/astanalysis/annotatedast/annotated_ast.go:196.35,198.9 2 0
github.com/stackql/stackql/internal/stackql/astanalysis/annotatedast/annotated_ast.go:198.9,200.4 1 0
github.com/stackql/stackql/internal/stackql/astanalysis/annotatedast/annotated_ast.go:201.3,201.32 1 0
github.com/stackql/stackql/internal/stackql/astanalysis/annotatedast/annotated_ast.go:202.27,204.16 2 1
github.com/stackql/stackql/internal/stackql/astanalysis/annotatedast/annotated_ast.go:205.10,206.20 1 0
github.com/stackql/stackql/internal/stackql/astanalysis/annotatedast/annotated_ast.go:210.103,211.26 1 1
github.com/stackql/stackql/internal/stackql/astanalysis/annotatedast/annotated_ast.go:212.35,214.9 2 0
github.com/stackql/stackql/internal/stackql/astanalysis/annotatedast/annotated_ast.go:214.9,216.4 1 0
github.com/stackql/stackql/internal/stackql/astanalysis/annotatedast/annotated_ast.go:217.3,217.32 1 0
github.com/stackql/stackql/internal/stackql/astanalysis/annotatedast/annotated_ast.go:218.27,220.16 2 1
github.com/stackql/stackql/internal/stackql/astanalysis/annotatedast/annotated_ast.go:221.10,222.20 1 0
github.com/stackql/stackql/internal/stackql/astanalysis/annotatedast/annotated_ast.go:226.80,228.2 1 1
github.com/stackql/stackql/internal/stackql/astanalysis/annotatedast/annotated_ast.go:230.100,231.26 1 1
github.com/stackql/stackql/internal/stackql/astanalysis/annotatedast/annotated_ast.go:232.27,234.13 2 1
github.com/stackql/stackql/internal/stackql/astanalysis/annotatedast/annotated_ast.go:234.13,236.4 1 0
github.com/stackql/stackql/internal/stackql/astanalysis/annotatedast/annotated_ast.go:236.9,238.4 1 1
github.com/stackql/stackql/internal/stackql/astanalysis/annotatedast/annotated_ast.go:239.35,242.13 2 0
github.com/stackql/stackql/internal/stackql/astanalysis/annotatedast/annotated_ast.go:242.13,244.4 1 0
github.com/stackql/stackql/internal/stackql/astanalysis/annotatedast/annotated_ast.go:244.9,246.4 1 0
github.com/stackql/stackql/internal/stackql/astanalysis/annotatedast/annotated_ast.go:247.22,249.13 2 0
github.com/stackql/stackql/internal/stackql/astanalysis/annotatedast/annotated_ast.go:249.13,251.4 1 0
github.com/stackql/stackql/internal/stackql/astanalysis/annotatedast/annotated_ast.go:251.9,253.4 1 0
github.com/stackql/stackql/internal/stackql/astanalysis/annotatedast/annotated_ast.go:254.42,256.13 2 0
github.com/stackql/stackql/internal/stackql/astanalysis/annotatedast/annotated_ast.go:256.13,258.4 1 0
github.com/stackql/stackql/internal/stackql/astanalysis/annotatedast/annotated_ast.go:258.9,260.4 1 0
github.com/stackql/stackql/internal/stackql/astanalysis/annotatedast/annotated_ast.go:261.10,261.10 0 0
github.com/stackql/stackql/internal/stackql/astanalysis/annotatedast/annotated_ast.go:265.108,266.26 1 1
github.com/stackql/stackql/internal/stackql/astanalysis/annotatedast/annotated_ast.go:267.27,268.52 1 1
github.com/stackql/stackql/internal/stackql/astanalysis/annotatedast/annotated_ast.go:269.35,271.55 1 0
github.com/stackql/stackql/internal/stackql/astanalysis/annotatedast/annotated_ast.go:272.10,272.10 0 0
github.com/stackql/stackql/internal/stackql/astanalysis/annotatedast/annotated_ast.go:276.105,277.26 1 1
github.com/stackql/stackql/internal/stackql/astanalysis/annotatedast/annotated_ast.go:278.27,279.49 1 1
github.com/stackql/stackql/internal/stackql/astanalysis/annotatedast/annotated_ast.go:280.35,282.52 1 0
github.com/stackql/stackql/internal/stackql/astanalysis/annotatedast/annotated_ast.go:283.10,283.10 0 0
github.com/stackql/stackql/internal/stackql/astanalysis/annotatedast/annotated_ast.go:287.118,288.26 1 0
github.com/stackql/stackql/internal/stackql/astanalysis/annotatedast/annotated_ast.go:289.27,290.56 1 0
github.com/stackql/stackql/internal/stackql/astanalysis/annotatedast/annotated_ast.go:291.10,291.10 0 0
github.com/stackql/stackql/internal/stackql/astanalysis/annotatedast/annotated_ast.go:295.111,296.26 1 0
github.com/stackql/stackql/internal/stackql/astanalysis/annotatedast/annotated_ast.go:297.35,298.37 1 0
github.com/stackql/stackql/internal/stackql/astanalysis/annotatedast/annotated_ast.go:299.27,301.16 2 0
github.com/stackql/stackql/internal/stackql/astanalysis/annotatedast/annotated_ast.go:302.10,303.20 1 0
github.com/stackql/stackql/internal/stackql/astanalysis/earlyanalysis/ast_expand.go:65.29,66.24 1 0
github.com/stackql/stackql/internal/stackql/astanalysis/earlyanalysis/ast_expand.go:66.24,68.3 1 0
github.com/stackql/stackql/internal/stackql/astanalysis/earlyanalysis/ast_expand.go:69.2,81.16 2 0
github.com/stackql/stackql/internal/stackql/astanalysis/earlyanalysis/ast_expand.go:84.90,86.2 1 0
github.com/stackql/stackql/internal/stackql/astanalysis/earlyanalysis/ast_expand.go:90.39,94.27 4 0
github.com/stackql/stackql/internal/stackql/astanalysis/earlyanalysis/ast_expand.go:94.27,103.3 4 0
github.com/stackql/stackql/internal/stackql/astanalysis/earlyanalysis/ast_expand.go:104.2,105.12 2 0
github.com/stackql/stackql/internal/stackql/astanalysis/earlyanalysis/ast_expand.go:113.8,115.12 2 0
github.com/stackql/stackql/internal/stackql/astanalysis/earlyanalysis/ast_expand.go:115.12,117.3 1 0
github.com/stackql/stackql/internal/stackql/astanalysis/earlyanalysis/ast_expand.go:118.2,124.23 4 0
github.com/stackql/stackql/internal/stackql/astanalysis/earlyanalysis/ast_expand.go:124.23,126.3 1 0
github.com/stackql/stackql/internal/stackql/astanalysis/earlyanalysis/ast_expand.go:127.2,130.16 4 0
github.com/stackql/stackql/internal/stackql/astanalysis/earlyanalysis/ast_expand.go:130.16,133.3 2 0
github.com/stackql/stackql/internal/stackql/astanalysis/earlyanalysis/ast_expand.go:134.2,135.16 2 0
github.com/stackql/stackql/internal/stackql/astanalysis/earlyanalysis/ast_expand.go:135.16,137.3 1 0
github.com/stackql/stackql/internal/stackql/astanalysis/earlyanalysis/ast_expand.go:137.8,139.3 1 0
github.com/stackql/stackql/internal/stackql/astanalysis/earlyanalysis/ast_expand.go:140.2,140.13 1 0
github.com/stackql/stackql/internal/stackql/astanalysis/earlyanalysis/ast_expand.go:143.113,145.16 2 0
github.com/stackql/stackql/internal/stackql/astanalysis/earlyanalysis/ast_expand.go:145.16,147.3 1 0
github.com/stackql/stackql/internal/stackql/astanalysis/earlyanalysis/ast_expand.go:148.2,154.16 2 0
github.com/stackql/stackql/internal/stackql/astanalysis/earlyanalysis/ast_expand.go:154.16,156.3 1 0
github.com/stackql/stackql/internal/stackql/astanalysis/earlyanalysis/ast_expand.go:157.2,158.16 2 0
github.com/stackql/stackql/internal/stackql/astanalysis/earlyanalysis/ast_expand.go:158.16,160.3 1 0
github.com/stackql/stackql/internal/stackql/astanalysis/earlyanalysis/ast_expand.go:161.2,162.30 2 0
github.com/stackql/stackql/internal/stackql/astanalysis/earlyanalysis/ast_expand.go:162.30,164.3 1 0
github.com/stackql/stackql/internal/stackql/astanalysis/earlyanalysis/ast_expand.go:166.2,173.16 5 0
github.com/stackql/stackql/internal/stackql/astanalysis/earlyanalysis/ast_expand.go:173.16,175.3 1 0
github.com/stackql/stackql/internal/stackql/astanalysis/earlyanalysis/ast_expand.go:176.2,177.74 2 0
github.com/stackql/stackql/internal/stackql/astanalysis/earlyanalysis/ast_expand.go:177.74,183.3 1 0
github.com/stackql/stackql/internal/stackql/astanalysis/earlyanalysis/ast_expand.go:184.2,188.27 5 0
github.com/stackql/stackql/internal/stackql/astanalysis/earlyanalysis/ast_expand.go:188.27,196.3 3 0
github.com/stackql/stackql/internal/stackql/astanalysis/earlyanalysis/ast_expand.go:197.2,200.8 4 0
github.com/stackql/stackql/internal/stackql/astanalysis/earlyanalysis/ast_expand.go:200.8,202.3 1 0
github.com/stackql/stackql/internal/stackql/astanalysis/earlyanalysis/ast_expand.go:203.2,204.25 2 0
github.com/stackql/stackql/internal/stackql/astanalysis/earlyanalysis/ast_expand.go:204.25,206.3 1 0
github.com/stackql/stackql/internal/stackql/astanalysis/earlyanalysis/ast_expand.go:211.2,211.12 1 0
github.com/stackql/stackql/internal/stackql/astanalysis/earlyanalysis/ast_expand.go:214.54,216.2 1 0
github.com/stackql/stackql/internal/stackql/astanalysis/earlyanalysis/ast_expand.go:218.74,220.2 1 0
github.com/stackql/stackql/internal/stackql/astanalysis/earlyanalysis/ast_expand.go:222.80,224.2 1 0
github.com/stackql/stackql/internal/stackql/astanalysis/earlyanalysis/ast_expand.go:226.52,228.2 1 0
github.com/stackql/stackql/internal/stackql/astanalysis/earlyanalysis/ast_expand.go:231.72,234.29 2 0
github.com/stackql/stackql/internal/stackql/astanalysis/earlyanalysis/ast_expand.go:235.25,238.35 3 0
github.com/stackql/stackql/internal/stackql/astanalysis/earlyanalysis/ast_expand.go:238.35,239.9 1 0
github.com/stackql/stackql/internal/stackql/astanalysis/earlyanalysis/ast_expand.go:239.9,241.5 1 0
github.com/stackql/stackql/internal/stackql/astanalysis/earlyanalysis/ast_expand.go:243.3,244.24 2 0
github.com/stackql/stackql/internal/stackql/astanalysis/earlyanalysis/ast_expand.go:244.24,245.19 1 0
github.com/stackql/stackql/internal/stackql/astanalysis/earlyanalysis/ast_expand.go:245.19,247.5 1 0
github.com/stackql/stackql/internal/stackql/astanalysis/earlyanalysis/ast_expand.go:247.10,249.5 1 0
github.com/stackql/stackql/internal/stackql/astanalysis/earlyanalysis/ast_expand.go:251.3,256.23 3 0
github.com/stackql/stackql/internal/stackql/astanalysis/earlyanalysis/ast_expand.go:256.23,258.39 2 0
github.com/stackql/stackql/internal/stackql/astanalysis/earlyanalysis/ast_expand.go:258.39,264.5 4 0
github.com/stackql/stackql/internal/stackql/astanalysis/earlyanalysis/ast_expand.go:267.3,267.27 1 0
github.com/stackql/stackql/internal/stackql/astanalysis/earlyanalysis/ast_expand.go:267.27,269.4 1 0
github.com/stackql/stackql/internal/stackql/astanalysis/earlyanalysis/ast_expand.go:270.3,270.30 1 0
github.com/stackql/stackql/internal/stackql/astanalysis/earlyanalysis/ast_expand.go:270.30,272.18 2 0
github.com/stackql/stackql/internal/stackql/astanalysis/earlyanalysis/ast_expand.go:272.18,274.5 1 0
github.com/stackql/stackql/internal/stackql/astanalysis/earlyanalysis/ast_expand.go:276.3,276.23 1 0
github.com/stackql/stackql/internal/stackql/astanalysis/earlyanalysis/ast_expand.go:276.23,278.18 2 0
github.com/stackql/stackql/internal/stackql/astanalysis/earlyanalysis/ast_expand.go:278.18,280.5 1 0
github.com/stackql/stackql/internal/stackql/astanalysis/earlyanalysis/ast_expand.go:282.3,282.25 1 0
github.com/stackql/stackql/internal/stackql/astanalysis/earlyanalysis/ast_expand.go:282.25,284.18 2 0
github.com/stackql/stackql/internal/stackql/astanalysis/earlyanalysis/ast_expand.go:284.18,286.5 1 0
github.com/stackql/stackql/internal/stackql/astanalysis/earlyanalysis/ast_expand.go:288.3,288.26 1 0
github.com/stackql/stackql/internal/stackql/astanalysis/earlyanalysis/ast_expand.go:288.26,290.18 2 0
github.com/stackql/stackql/internal/stackql/astanalysis/earlyanalysis/ast_expand.go:290.18,292.5 1 0
github.com/stackql/stackql/internal/stackql/astanalysis/earlyanalysis/ast_expand.go:294.3,294.24 1 0
github.com/stackql/stackql/internal/stackql/astanalysis/earlyanalysis/ast_expand.go:294.24,296.18 2 0
github.com/stackql/stackql/internal/stackql/astanalysis/earlyanalysis/ast_expand.go:296.18,298.5 1 0
github.com/stackql/stackql/internal/stackql/astanalysis/earlyanalysis/ast_expand.go:300.3,300.13 1 0
github.com/stackql/stackql/internal/stackql/astanalysis/earlyanalysis/ast_expand.go:302.30,304.17 2 0
github.com/stackql/stackql/internal/stackql/astanalysis/earlyanalysis/ast_expand.go:304.17,306.4 1 0
github.com/stackql/stackql/internal/stackql/astanalysis/earlyanalysis/ast_expand.go:308.23,308.23 0 0
github.com/stackql/stackql/internal/stackql/astanalysis/earlyanalysis/ast_expand.go:310.29,310.29 0 0
github.com/stackql/stackql/internal/stackql/astanalysis/earlyanalysis/ast_expand.go:312.24,312.24 0 0
github.com/stackql/stackql/internal/stackql/astanalysis/earlyanalysis/ast_expand.go:314.24,316.17 2 0
github.com/stackql/stackql/internal/stackql/astanalysis/earlyanalysis/ast_expand.go:316.17,318.4 1 0
github.com/stackql/stackql/internal/stackql/astanalysis/earlyanalysis/ast_expand.go:319.3,320.40 2 0
github.com/stackql/stackql/internal/stackql/astanalysis/earlyanalysis/ast_expand.go:320.40,322.21 2 0
github.com/stackql/stackql/internal/stackql/astanalysis/earlyanalysis/ast_expand.go:322.21,324.5 1 0
github.com/stackql/stackql/internal/stackql/astanalysis/earlyanalysis/ast_expand.go:327.30,329.17 2 0
github.com/stackql/stackql/internal/stackql/astanalysis/earlyanalysis/ast_expand.go:329.17,331.4 1 0
github.com/stackql/stackql/internal/stackql/astanalysis/earlyanalysis/ast_expand.go:333.25,333.25 0 0
github.com/stackql/stackql/internal/stackql/astanalysis/earlyanalysis/ast_expand.go:335.25,338.17 3 0
github.com/stackql/stackql/internal/stackql/astanalysis/earlyanalysis/ast_expand.go:338.17,340.4 1 0
github.com/stackql/stackql/internal/stackql/astanalysis/earlyanalysis/ast_expand.go:342.25,345.17 3 0
github.com/stackql/stackql/internal/stackql/astanalysis/earlyanalysis/ast_expand.go:345.17,347.4 1 0
github.com/stackql/stackql/internal/stackql/astanalysis/earlyanalysis/ast_expand.go:349.25,352.17 3 0
github.com/stackql/stackql/internal/stackql/astanalysis/earlyanalysis/ast_expand.go:352.17,354.4 1 0
github.com/stackql/stackql/internal/stackql/astanalysis/earlyanalysis/ast_expand.go:356.22,356.22 0 0
github.com/stackql/stackql/internal/stackql/astanalysis/earlyanalysis/ast_expand.go:358.33,358.33 0 0
github.com/stackql/stackql/internal/stackql/astanalysis/earlyanalysis/ast_expand.go:360.24,361.22 1 0
github.com/stackql/stackql/internal/stackql/astanalysis/earlyanalysis/ast_expand.go:362.48,362.48 0 0
github.com/stackql/stackql/internal/stackql/astanalysis/earlyanalysis/ast_expand.go:363.26,363.26 0 0
github.com/stackql/stackql/internal/stackql/astanalysis/earlyanalysis/ast_expand.go:366.42,367.33 1 0
github.com/stackql/stackql/internal/stackql/astanalysis/earlyanalysis/ast_expand.go:367.33,373.18 6 0
github.com/stackql/stackql/internal/stackql/astanalysis/earlyanalysis/ast_expand.go:373.18,375.5 1 0
github.com/stackql/stackql/internal/stackql/astanalysis/earlyanalysis/ast_expand.go:376.4,377.18 2 0
github.com/stackql/stackql/internal/stackql/astanalysis/earlyanalysis/ast_expand.go:377.18,379.5 1 0
github.com/stackql/stackql/internal/stackql/astanalysis/earlyanalysis/ast_expand.go:380.4,380.14 1 0
github.com/stackql/stackql/internal/stackql/astanalysis/earlyanalysis/ast_expand.go:383.22,384.22 1 0
github.com/stackql/stackql/internal/stackql/astanalysis/earlyanalysis/ast_expand.go:385.28,387.27 1 0
github.com/stackql/stackql/internal/stackql/astanalysis/earlyanalysis/ast_expand.go:387.27,389.5 1 0
github.com/stackql/stackql/internal/stackql/astanalysis/earlyanalysis/ast_expand.go:389.10,389.36 1 0
github.com/stackql/stackql/internal/stackql/astanalysis/earlyanalysis/ast_expand.go:389.36,391.5 1 0
github.com/stackql/stackql/internal/stackql/astanalysis/earlyanalysis/ast_expand.go:391.10,393.5 1 0
github.com/stackql/stackql/internal/stackql/astanalysis/earlyanalysis/ast_expand.go:394.4,394.80 1 0
github.com/stackql/stackql/internal/stackql/astanalysis/earlyanalysis/ast_expand.go:394.80,400.19 6 0
github.com/stackql/stackql/internal/stackql/astanalysis/earlyanalysis/ast_expand.go:400.19,402.6 1 0
github.com/stackql/stackql/internal/stackql/astanalysis/earlyanalysis/ast_expand.go:403.5,404.19 2 0
github.com/stackql/stackql/internal/stackql/astanalysis/earlyanalysis/ast_expand.go:404.19,406.6 1 0
github.com/stackql/stackql/internal/stackql/astanalysis/earlyanalysis/ast_expand.go:407.5,407.15 1 0
github.com/stackql/stackql/internal/stackql/astanalysis/earlyanalysis/ast_expand.go:409.26,411.21 2 0
github.com/stackql/stackql/internal/stackql/astanalysis/earlyanalysis/ast_expand.go:411.21,413.5 1 0
github.com/stackql/stackql/internal/stackql/astanalysis/earlyanalysis/ast_expand.go:414.4,414.78 1 0
github.com/stackql/stackql/internal/stackql/astanalysis/earlyanalysis/ast_expand.go:415.28,417.46 2 0
github.com/stackql/stackql/internal/stackql/astanalysis/earlyanalysis/ast_expand.go:417.46,419.5 1 0
github.com/stackql/stackql/internal/stackql/astanalysis/earlyanalysis/ast_expand.go:420.27,421.33 1 0
github.com/stackql/stackql/internal/stackql/astanalysis/earlyanalysis/ast_expand.go:421.33,423.5 1 0
github.com/stackql/stackql/internal/stackql/astanalysis/earlyanalysis/ast_expand.go:423.10,425.5 1 0
github.com/stackql/stackql/internal/stackql/astanalysis/earlyanalysis/ast_expand.go:426.27,427.42 1 0
github.com/stackql/stackql/internal/stackql/astanalysis/earlyanalysis/ast_expand.go:428.34,429.89 1 0
github.com/stackql/stackql/internal/stackql/astanalysis/earlyanalysis/ast_expand.go:430.32,431.67 1 0
github.com/stackql/stackql/internal/stackql/astanalysis/earlyanalysis/ast_expand.go:432.37,433.65 1 0
github.com/stackql/stackql/internal/stackql/astanalysis/earlyanalysis/ast_expand.go:434.38,435.66 1 0
github.com/stackql/stackql/internal/stackql/astanalysis/earlyanalysis/ast_expand.go:436.34,438.40 2 0
github.com/stackql/stackql/internal/stackql/astanalysis/earlyanalysis/ast_expand.go:438.40,439.15 1 0
github.com/stackql/stackql/internal/stackql/astanalysis/earlyanalysis/ast_expand.go:439.15,441.6 1 0
github.com/stackql/stackql/internal/stackql/astanalysis/earlyanalysis/ast_expand.go:441.11,443.6 1 0
github.com/stackql/stackql/internal/stackql/astanalysis/earlyanalysis/ast_expand.go:445.4,446.43 2 0
github.com/stackql/stackql/internal/stackql/astanalysis/earlyanalysis/ast_expand.go:446.43,448.5 1 0
github.com/stackql/stackql/internal/stackql/astanalysis/earlyanalysis/ast_expand.go:449.35,450.95 1 0
github.com/stackql/stackql/internal/stackql/astanalysis/earlyanalysis/ast_expand.go:451.33,452.68 1 0
github.com/stackql/stackql/internal/stackql/astanalysis/earlyanalysis/ast_expand.go:453.32,454.98 1 0
github.com/stackql/stackql/internal/stackql/astanalysis/earlyanalysis/ast_expand.go:455.11,456.63 1 0
github.com/stackql/stackql/internal/stackql/astanalysis/earlyanalysis/ast_expand.go:459.26,460.49 1 0
github.com/stackql/stackql/internal/stackql/astanalysis/earlyanalysis/ast_expand.go:462.32,463.22 1 0
github.com/stackql/stackql/internal/stackql/astanalysis/earlyanalysis/ast_expand.go:464.32,467.40 3 0
github.com/stackql/stackql/internal/stackql/astanalysis/earlyanalysis/ast_expand.go:467.40,470.5 2 0
github.com/stackql/stackql/internal/stackql/astanalysis/earlyanalysis/ast_expand.go:471.4,471.28 1 0
github.com/stackql/stackql/internal/stackql/astanalysis/earlyanalysis/ast_expand.go:472.11,473.26 1 0
github.com/stackql/stackql/internal/stackql/astanalysis/earlyanalysis/ast_expand.go:476.38,477.21 1 0
github.com/stackql/stackql/internal/stackql/astanalysis/earlyanalysis/ast_expand.go:477.21,479.4 1 0
github.com/stackql/stackql/internal/stackql/astanalysis/earlyanalysis/ast_expand.go:479.9,481.4 1 0
github.com/stackql/stackql/internal/stackql/astanalysis/earlyanalysis/ast_expand.go:483.28,486.34 3 0
github.com/stackql/stackql/internal/stackql/astanalysis/earlyanalysis/ast_expand.go:486.34,487.14 1 0
github.com/stackql/stackql/internal/stackql/astanalysis/earlyanalysis/ast_expand.go:487.14,489.5 1 0
github.com/stackql/stackql/internal/stackql/astanalysis/earlyanalysis/ast_expand.go:489.10,491.5 1 0
github.com/stackql/stackql/internal/stackql/astanalysis/earlyanalysis/ast_expand.go:493.3,493.34 1 0
github.com/stackql/stackql/internal/stackql/astanalysis/earlyanalysis/ast_expand.go:493.34,495.4 1 0
github.com/stackql/stackql/internal/stackql/astanalysis/earlyanalysis/ast_expand.go:496.3,496.36 1 0
github.com/stackql/stackql/internal/stackql/astanalysis/earlyanalysis/ast_expand.go:496.36,498.4 1 0
github.com/stackql/stackql/internal/stackql/astanalysis/earlyanalysis/ast_expand.go:501.3,501.77 1 0
github.com/stackql/stackql/internal/stackql/astanalysis/earlyanalysis/ast_expand.go:503.35,505.51 2 0
github.com/stackql/stackql/internal/stackql/astanalysis/earlyanalysis/ast_expand.go:508.29,512.42 3 0
github.com/stackql/stackql/internal/stackql/astanalysis/earlyanalysis/ast_expand.go:512.42,514.4 1 0
github.com/stackql/stackql/internal/stackql/astanalysis/earlyanalysis/ast_expand.go:514.9,514.30 1 0
github.com/stackql/stackql/internal/stackql/astanalysis/earlyanalysis/ast_expand.go:514.30,516.4 1 0
github.com/stackql/stackql/internal/stackql/astanalysis/earlyanalysis/ast_expand.go:518.3,518.27 1 0
github.com/stackql/stackql/internal/stackql/astanalysis/earlyanalysis/ast_expand.go:518.27,520.4 1 0
github.com/stackql/stackql/internal/stackql/astanalysis/earlyanalysis/ast_expand.go:522.3,523.18 2 0
github.com/stackql/stackql/internal/stackql/astanalysis/earlyanalysis/ast_expand.go:523.18,525.4 1 0
github.com/stackql/stackql/internal/stackql/astanalysis/earlyanalysis/ast_expand.go:526.3,526.18 1 0
github.com/stackql/stackql/internal/stackql/astanalysis/earlyanalysis/ast_expand.go:526.18,528.4 1 0
github.com/stackql/stackql/internal/stackql/astanalysis/earlyanalysis/ast_expand.go:529.3,529.23 1 0
github.com/stackql/stackql/internal/stackql/astanalysis/earlyanalysis/ast_expand.go:529.23,536.4 1 0
github.com/stackql/stackql/internal/stackql/astanalysis/earlyanalysis/ast_expand.go:537.3,537.23 1 0
github.com/stackql/stackql/internal/stackql/astanalysis/earlyanalysis/ast_expand.go:537.23,539.4 1 0
github.com/stackql/stackql/internal/stackql/astanalysis/earlyanalysis/ast_expand.go:540.3,540.17 1 0
github.com/stackql/stackql/internal/stackql/astanalysis/earlyanalysis/ast_expand.go:540.17,542.4 1 0
github.com/stackql/stackql/internal/stackql/astanalysis/earlyanalysis/ast_expand.go:543.3,543.24 1 0
github.com/stackql/stackql/internal/stackql/astanalysis/earlyanalysis/ast_expand.go:543.24,545.4 1 0
github.com/stackql/stackql/internal/stackql/astanalysis/earlyanalysis/ast_expand.go:546.3,546.25 1 0
github.com/stackql/stackql/internal/stackql/astanalysis/earlyanalysis/ast_expand.go:546.25,553.4 1 0
github.com/stackql/stackql/internal/stackql/astanalysis/earlyanalysis/ast_expand.go:554.3,554.23 1 0
github.com/stackql/stackql/internal/stackql/astanalysis/earlyanalysis/ast_expand.go:554.23,556.4 1 0
github.com/stackql/stackql/internal/stackql/astanalysis/earlyanalysis/ast_expand.go:557.3,557.24 1 0
github.com/stackql/stackql/internal/stackql/astanalysis/earlyanalysis/ast_expand.go:557.24,559.4 1 0
github.com/stackql/stackql/internal/stackql/astanalysis/earlyanalysis/ast_expand.go:560.3,560.43 1 0
github.com/stackql/stackql/internal/stackql/astanalysis/earlyanalysis/ast_expand.go:560.43,562.4 1 0
github.com/stackql/stackql/internal/stackql/astanalysis/earlyanalysis/ast_expand.go:563.3,563.42 1 0
github.com/stackql/stackql/internal/stackql/astanalysis/earlyanalysis/ast_expand.go:563.42,565.4 1 0
github.com/stackql/stackql/internal/stackql/astanalysis/earlyanalysis/ast_expand.go:566.3,566.45 1 0
github.com/stackql/stackql/internal/stackql/astanalysis/earlyanalysis/ast_expand.go:566.45,568.4 1 0
github.com/stackql/stackql/internal/stackql/astanalysis/earlyanalysis/ast_expand.go:569.3,569.46 1 0
github.com/stackql/stackql/internal/stackql/astanalysis/earlyanalysis/ast_expand.go:569.46,571.4 1 0
github.com/stackql/stackql/internal/stackql/astanalysis/earlyanalysis/ast_expand.go:572.3,572.36 1 0
github.com/stackql/stackql/internal/stackql/astanalysis/earlyanalysis/ast_expand.go:572.36,574.4 1 0
github.com/stackql/stackql/internal/stackql/astanalysis/earlyanalysis/ast_expand.go:576.3,576.21 1 0
github.com/stackql/stackql/internal/stackql/astanalysis/earlyanalysis/ast_expand.go:576.21,578.4 1 0
github.com/stackql/stackql/internal/stackql/astanalysis/earlyanalysis/ast_expand.go:580.34,583.35 3 0
github.com/stackql/stackql/internal/stackql/astanalysis/earlyanalysis/ast_expand.go:583.35,584.14 1 0
github.com/stackql/stackql/internal/stackql/astanalysis/earlyanalysis/ast_expand.go:584.14,586.5 1 0
github.com/stackql/stackql/internal/stackql/astanalysis/earlyanalysis/ast_expand.go:586.10,588.5 1 0
github.com/stackql/stackql/internal/stackql/astanalysis/earlyanalysis/ast_expand.go:589.4,589.25 1 0
github.com/stackql/stackql/internal/stackql/astanalysis/earlyanalysis/ast_expand.go:589.25,591.5 1 0
github.com/stackql/stackql/internal/stackql/astanalysis/earlyanalysis/ast_expand.go:593.3,595.35 2 0
github.com/stackql/stackql/internal/stackql/astanalysis/earlyanalysis/ast_expand.go:595.35,597.23 2 0
github.com/stackql/stackql/internal/stackql/astanalysis/earlyanalysis/ast_expand.go:597.23,599.5 1 0
github.com/stackql/stackql/internal/stackql/astanalysis/earlyanalysis/ast_expand.go:599.10,601.5 1 0
github.com/stackql/stackql/internal/stackql/astanalysis/earlyanalysis/ast_expand.go:604.28,606.17 2 0
github.com/stackql/stackql/internal/stackql/astanalysis/earlyanalysis/ast_expand.go:606.17,608.4 1 0
github.com/stackql/stackql/internal/stackql/astanalysis/earlyanalysis/ast_expand.go:608.9,610.26 2 0
github.com/stackql/stackql/internal/stackql/astanalysis/earlyanalysis/ast_expand.go:610.26,612.5 1 0
github.com/stackql/stackql/internal/stackql/astanalysis/earlyanalysis/ast_expand.go:615.30,617.49 2 0
github.com/stackql/stackql/internal/stackql/astanalysis/earlyanalysis/ast_expand.go:619.29,623.21 3 0
github.com/stackql/stackql/internal/stackql/astanalysis/earlyanalysis/ast_expand.go:623.21,625.34 2 0
github.com/stackql/stackql/internal/stackql/astanalysis/earlyanalysis/ast_expand.go:625.34,626.15 1 0
github.com/stackql/stackql/internal/stackql/astanalysis/earlyanalysis/ast_expand.go:626.15,628.6 1 0
github.com/stackql/stackql/internal/stackql/astanalysis/earlyanalysis/ast_expand.go:629.5,629.33 1 0
github.com/stackql/stackql/internal/stackql/astanalysis/earlyanalysis/ast_expand.go:633.29,634.60 1 0
github.com/stackql/stackql/internal/stackql/astanalysis/earlyanalysis/ast_expand.go:636.39,638.19 2 0
github.com/stackql/stackql/internal/stackql/astanalysis/earlyanalysis/ast_expand.go:638.19,640.4 1 0
github.com/stackql/stackql/internal/stackql/astanalysis/earlyanalysis/ast_expand.go:641.3,641.24 1 0
github.com/stackql/stackql/internal/stackql/astanalysis/earlyanalysis/ast_expand.go:643.33,646.12 2 0
github.com/stackql/stackql/internal/stackql/astanalysis/earlyanalysis/ast_expand.go:647.27,648.31 1 0
github.com/stackql/stackql/internal/stackql/astanalysis/earlyanalysis/ast_expand.go:649.26,650.30 1 0
github.com/stackql/stackql/internal/stackql/astanalysis/earlyanalysis/ast_expand.go:651.27,652.32 1 0
github.com/stackql/stackql/internal/stackql/astanalysis/earlyanalysis/ast_expand.go:653.26,654.31 1 0
github.com/stackql/stackql/internal/stackql/astanalysis/earlyanalysis/ast_expand.go:655.29,656.34 1 0
github.com/stackql/stackql/internal/stackql/astanalysis/earlyanalysis/ast_expand.go:659.39,662.44 3 0
github.com/stackql/stackql/internal/stackql/astanalysis/earlyanalysis/ast_expand.go:662.44,664.4 1 0
github.com/stackql/stackql/internal/stackql/astanalysis/earlyanalysis/ast_expand.go:665.3,665.44 1 0
github.com/stackql/stackql/internal/stackql/astanalysis/earlyanalysis/ast_expand.go:665.44,667.4 1 0
github.com/stackql/stackql/internal/stackql/astanalysis/earlyanalysis/ast_expand.go:669.23,671.177 2 0
github.com/stackql/stackql/internal/stackql/astanalysis/earlyanalysis/ast_expand.go:671.177,673.27 2 0
github.com/stackql/stackql/internal/stackql/astanalysis/earlyanalysis/ast_expand.go:673.27,675.5 1 0
github.com/stackql/stackql/internal/stackql/astanalysis/earlyanalysis/ast_expand.go:675.10,677.5 1 0
github.com/stackql/stackql/internal/stackql/astanalysis/earlyanalysis/ast_expand.go:678.4,678.76 1 0
github.com/stackql/stackql/internal/stackql/astanalysis/earlyanalysis/ast_expand.go:678.76,680.5 1 0
github.com/stackql/stackql/internal/stackql/astanalysis/earlyanalysis/ast_expand.go:681.4,681.97 1 0
github.com/stackql/stackql/internal/stackql/astanalysis/earlyanalysis/ast_expand.go:681.97,683.5 1 0
github.com/stackql/stackql/internal/stackql/astanalysis/earlyanalysis/ast_expand.go:684.4,684.24 1 0
github.com/stackql/stackql/internal/stackql/astanalysis/earlyanalysis/ast_expand.go:684.24,686.5 1 0
github.com/stackql/stackql/internal/stackql/astanalysis/earlyanalysis/ast_expand.go:687.4,688.14 2 0
github.com/stackql/stackql/internal/stackql/astanalysis/earlyanalysis/ast_expand.go:690.3,690.23 1 0
github.com/stackql/stackql/internal/stackql/astanalysis/earlyanalysis/ast_expand.go:690.23,692.4 1 0
github.com/stackql/stackql/internal/stackql/astanalysis/earlyanalysis/ast_expand.go:692.9,694.4 1 0
github.com/stackql/stackql/internal/stackql/astanalysis/earlyanalysis/ast_expand.go:695.3,695.24 1 0
github.com/stackql/stackql/internal/stackql/astanalysis/earlyanalysis/ast_expand.go:695.24,697.4 1 0
github.com/stackql/stackql/internal/stackql/astanalysis/earlyanalysis/ast_expand.go:698.3,698.68 1 0
github.com/stackql/stackql/internal/stackql/astanalysis/earlyanalysis/ast_expand.go:698.68,700.4 1 0
github.com/stackql/stackql/internal/stackql/astanalysis/earlyanalysis/ast_expand.go:701.3,701.57 1 0
github.com/stackql/stackql/internal/stackql/astanalysis/earlyanalysis/ast_expand.go:701.57,703.4 1 0
github.com/stackql/stackql/internal/stackql/astanalysis/earlyanalysis/ast_expand.go:704.3,704.22 1 0
github.com/stackql/stackql/internal/stackql/astanalysis/earlyanalysis/ast_expand.go:704.22,706.4 1 0
github.com/stackql/stackql/internal/stackql/astanalysis/earlyanalysis/ast_expand.go:708.29,709.18 1 0
github.com/stackql/stackql/internal/stackql/astanalysis/earlyanalysis/ast_expand.go:709.18,711.4 1 0
github.com/stackql/stackql/internal/stackql/astanalysis/earlyanalysis/ast_expand.go:712.3,712.22 1 0
github.com/stackql/stackql/internal/stackql/astanalysis/earlyanalysis/ast_expand.go:712.22,714.4 1 0
github.com/stackql/stackql/internal/stackql/astanalysis/earlyanalysis/ast_expand.go:714.9,716.4 1 0
github.com/stackql/stackql/internal/stackql/astanalysis/earlyanalysis/ast_expand.go:718.22,719.36 1 0
github.com/stackql/stackql/internal/stackql/astanalysis/earlyanalysis/ast_expand.go:719.36,721.4 1 0
github.com/stackql/stackql/internal/stackql/astanalysis/earlyanalysis/ast_expand.go:721.9,723.4 1 0
github.com/stackql/stackql/internal/stackql/astanalysis/earlyanalysis/ast_expand.go:725.25,726.28 1 0
github.com/stackql/stackql/internal/stackql/astanalysis/earlyanalysis/ast_expand.go:728.24,729.27 1 0
github.com/stackql/stackql/internal/stackql/astanalysis/earlyanalysis/ast_expand.go:731.27,732.30 1 0
github.com/stackql/stackql/internal/stackql/astanalysis/earlyanalysis/ast_expand.go:734.28,735.51 1 0
github.com/stackql/stackql/internal/stackql/astanalysis/earlyanalysis/ast_expand.go:737.28,738.49 1 0
github.com/stackql/stackql/internal/stackql/astanalysis/earlyanalysis/ast_expand.go:740.26,741.57 1 0
github.com/stackql/stackql/internal/stackql/astanalysis/earlyanalysis/ast_expand.go:743.26,745.20 2 0
github.com/stackql/stackql/internal/stackql/astanalysis/earlyanalysis/ast_expand.go:746.11,746.11 0 0
github.com/stackql/stackql/internal/stackql/astanalysis/earlyanalysis/ast_expand.go:747.29,748.39 1 0
github.com/stackql/stackql/internal/stackql/astanalysis/earlyanalysis/ast_expand.go:749.11,750.42 1 0
github.com/stackql/stackql/internal/stackql/astanalysis/earlyanalysis/ast_expand.go:752.3,752.62 1 0
github.com/stackql/stackql/internal/stackql/astanalysis/earlyanalysis/ast_expand.go:754.28,755.31 1 0
github.com/stackql/stackql/internal/stackql/astanalysis/earlyanalysis/ast_expand.go:757.32,759.17 2 0
github.com/stackql/stackql/internal/stackql/astanalysis/earlyanalysis/ast_expand.go:759.17,761.4 1 0
github.com/stackql/stackql/internal/stackql/astanalysis/earlyanalysis/ast_expand.go:763.29,764.32 1 0
github.com/stackql/stackql/internal/stackql/astanalysis/earlyanalysis/ast_expand.go:766.26,767.26 1 0
github.com/stackql/stackql/internal/stackql/astanalysis/earlyanalysis/ast_expand.go:767.26,769.4 1 0
github.com/stackql/stackql/internal/stackql/astanalysis/earlyanalysis/ast_expand.go:771.29,773.26 2 0
github.com/stackql/stackql/internal/stackql/astanalysis/earlyanalysis/ast_expand.go:773.26,776.4 2 0
github.com/stackql/stackql/internal/stackql/astanalysis/earlyanalysis/ast_expand.go:778.27,779.32 1 0
github.com/stackql/stackql/internal/stackql/astanalysis/earlyanalysis/ast_expand.go:779.32,781.4 1 0
github.com/stackql/stackql/internal/stackql/astanalysis/earlyanalysis/ast_expand.go:782.3,782.27 1 0
github.com/stackql/stackql/internal/stackql/astanalysis/earlyanalysis/ast_expand.go:784.30,786.25 2 0
github.com/stackql/stackql/internal/stackql/astanalysis/earlyanalysis/ast_expand.go:786.25,788.4 1 0
github.com/stackql/stackql/internal/stackql/astanalysis/earlyanalysis/ast_expand.go:790.25,791.51 1 0
github.com/stackql/stackql/internal/stackql/astanalysis/earlyanalysis/ast_expand.go:793.25,794.18 1 0
github.com/stackql/stackql/internal/stackql/astanalysis/earlyanalysis/ast_expand.go:794.18,796.4 1 0
github.com/stackql/stackql/internal/stackql/astanalysis/earlyanalysis/ast_expand.go:797.3,798.26 2 0
github.com/stackql/stackql/internal/stackql/astanalysis/earlyanalysis/ast_expand.go:798.26,801.4 2 0
github.com/stackql/stackql/internal/stackql/astanalysis/earlyanalysis/ast_expand.go:802.3,802.23 1 0
github.com/stackql/stackql/internal/stackql/astanalysis/earlyanalysis/ast_expand.go:804.28,805.18 1 0
github.com/stackql/stackql/internal/stackql/astanalysis/earlyanalysis/ast_expand.go:805.18,807.4 1 0
github.com/stackql/stackql/internal/stackql/astanalysis/earlyanalysis/ast_expand.go:808.3,809.26 2 0
github.com/stackql/stackql/internal/stackql/astanalysis/earlyanalysis/ast_expand.go:809.26,812.4 2 0
github.com/stackql/stackql/internal/stackql/astanalysis/earlyanalysis/ast_expand.go:813.3,813.23 1 0
github.com/stackql/stackql/internal/stackql/astanalysis/earlyanalysis/ast_expand.go:815.28,816.26 1 0
github.com/stackql/stackql/internal/stackql/astanalysis/earlyanalysis/ast_expand.go:816.26,818.18 2 0
github.com/stackql/stackql/internal/stackql/astanalysis/earlyanalysis/ast_expand.go:818.18,820.5 1 0
github.com/stackql/stackql/internal/stackql/astanalysis/earlyanalysis/ast_expand.go:823.35,824.23 1 0
github.com/stackql/stackql/internal/stackql/astanalysis/earlyanalysis/ast_expand.go:824.23,826.33 1 0
github.com/stackql/stackql/internal/stackql/astanalysis/earlyanalysis/ast_expand.go:827.29,830.19 3 0
github.com/stackql/stackql/internal/stackql/astanalysis/earlyanalysis/ast_expand.go:830.19,832.6 1 0
github.com/stackql/stackql/internal/stackql/astanalysis/earlyanalysis/ast_expand.go:833.5,834.19 2 0
github.com/stackql/stackql/internal/stackql/astanalysis/earlyanalysis/ast_expand.go:834.19,836.6 1 0
github.com/stackql/stackql/internal/stackql/astanalysis/earlyanalysis/ast_expand.go:837.5,837.15 1 0
github.com/stackql/stackql/internal/stackql/astanalysis/earlyanalysis/ast_expand.go:838.29,840.51 1 0
github.com/stackql/stackql/internal/stackql/astanalysis/earlyanalysis/ast_expand.go:840.51,842.6 1 0
github.com/stackql/stackql/internal/stackql/astanalysis/earlyanalysis/ast_expand.go:844.4,845.18 2 0
github.com/stackql/stackql/internal/stackql/astanalysis/earlyanalysis/ast_expand.go:845.18,847.5 1 0
github.com/stackql/stackql/internal/stackql/astanalysis/earlyanalysis/ast_expand.go:849.3,849.29 1 0
github.com/stackql/stackql/internal/stackql/astanalysis/earlyanalysis/ast_expand.go:849.29,851.18 2 0
github.com/stackql/stackql/internal/stackql/astanalysis/earlyanalysis/ast_expand.go:851.18,853.5 1 0
github.com/stackql/stackql/internal/stackql/astanalysis/earlyanalysis/ast_expand.go:855.3,855.25 1 0
github.com/stackql/stackql/internal/stackql/astanalysis/earlyanalysis/ast_expand.go:855.25,857.18 2 0
github.com/stackql/stackql/internal/stackql/astanalysis/earlyanalysis/ast_expand.go:857.18,859.5 1 0
github.com/stackql/stackql/internal/stackql/astanalysis/earlyanalysis/ast_expand.go:861.3,861.24 1 0
github.com/stackql/stackql/internal/stackql/astanalysis/earlyanalysis/ast_expand.go:861.24,863.18 2 0
github.com/stackql/stackql/internal/stackql/astanalysis/earlyanalysis/ast_expand.go:863.18,865.5 1 0
github.com/stackql/stackql/internal/stackql/astanalysis/earlyanalysis/ast_expand.go:868.28,870.26 2 0
github.com/stackql/stackql/internal/stackql/astanalysis/earlyanalysis/ast_expand.go:870.26,874.4 3 0
github.com/stackql/stackql/internal/stackql/astanalysis/earlyanalysis/ast_expand.go:876.27,877.21 1 0
github.com/stackql/stackql/internal/stackql/astanalysis/earlyanalysis/ast_expand.go:877.21,879.4 1 0
github.com/stackql/stackql/internal/stackql/astanalysis/earlyanalysis/ast_expand.go:883.3,884.30 2 0
github.com/stackql/stackql/internal/stackql/astanalysis/earlyanalysis/ast_expand.go:884.30,887.4 2 0
github.com/stackql/stackql/internal/stackql/astanalysis/earlyanalysis/ast_expand.go:888.3,889.89 2 0
github.com/stackql/stackql/internal/stackql/astanalysis/earlyanalysis/ast_expand.go:889.89,893.18 4 0
github.com/stackql/stackql/internal/stackql/astanalysis/earlyanalysis/ast_expand.go:893.18,895.5 1 0
github.com/stackql/stackql/internal/stackql/astanalysis/earlyanalysis/ast_expand.go:897.3,901.23 5 0
github.com/stackql/stackql/internal/stackql/astanalysis/earlyanalysis/ast_expand.go:901.23,904.4 1 0
github.com/stackql/stackql/internal/stackql/astanalysis/earlyanalysis/ast_expand.go:906.3,909.17 2 0
github.com/stackql/stackql/internal/stackql/astanalysis/earlyanalysis/ast_expand.go:909.17,911.4 1 0
github.com/stackql/stackql/internal/stackql/astanalysis/earlyanalysis/ast_expand.go:911.9,912.24 1 0
github.com/stackql/stackql/internal/stackql/astanalysis/earlyanalysis/ast_expand.go:912.24,914.19 2 0
github.com/stackql/stackql/internal/stackql/astanalysis/earlyanalysis/ast_expand.go:914.19,916.6 1 0
github.com/stackql/stackql/internal/stackql/astanalysis/earlyanalysis/ast_expand.go:917.10,919.19 2 0
github.com/stackql/stackql/internal/stackql/astanalysis/earlyanalysis/ast_expand.go:919.19,921.6 1 0
github.com/stackql/stackql/internal/stackql/astanalysis/earlyanalysis/ast_expand.go:925.3,928.13 4 0
github.com/stackql/stackql/internal/stackql/astanalysis/earlyanalysis/ast_expand.go:928.13,930.8 2 0
github.com/stackql/stackql/internal/stackql/astanalysis/earlyanalysis/ast_expand.go:930.8,932.22 2 0
github.com/stackql/stackql/internal/stackql/astanalysis/earlyanalysis/ast_expand.go:932.22,934.6 1 0
github.com/stackql/stackql/internal/stackql/astanalysis/earlyanalysis/ast_expand.go:935.5,936.19 2 0
github.com/stackql/stackql/internal/stackql/astanalysis/earlyanalysis/ast_expand.go:936.19,938.6 1 0
github.com/stackql/stackql/internal/stackql/astanalysis/earlyanalysis/ast_expand.go:939.5,940.17 2 0
github.com/stackql/stackql/internal/stackql/astanalysis/earlyanalysis/ast_expand.go:940.17,941.11 1 0
github.com/stackql/stackql/internal/stackql/astanalysis/earlyanalysis/ast_expand.go:944.4,944.14 1 0
github.com/stackql/stackql/internal/stackql/astanalysis/earlyanalysis/ast_expand.go:945.9,945.32 1 0
github.com/stackql/stackql/internal/stackql/astanalysis/earlyanalysis/ast_expand.go:945.32,947.21 2 0
github.com/stackql/stackql/internal/stackql/astanalysis/earlyanalysis/ast_expand.go:947.21,949.5 1 0
github.com/stackql/stackql/internal/stackql/astanalysis/earlyanalysis/ast_expand.go:950.4,951.18 2 0
github.com/stackql/stackql/internal/stackql/astanalysis/earlyanalysis/ast_expand.go:951.18,953.5 1 0
github.com/stackql/stackql/internal/stackql/astanalysis/earlyanalysis/ast_expand.go:954.4,954.14 1 0
github.com/stackql/stackql/internal/stackql/astanalysis/earlyanalysis/ast_expand.go:955.9,955.21 1 0
github.com/stackql/stackql/internal/stackql/astanalysis/earlyanalysis/ast_expand.go:955.21,957.21 2 0
github.com/stackql/stackql/internal/stackql/astanalysis/earlyanalysis/ast_expand.go:957.21,959.5 1 0
github.com/stackql/stackql/internal/stackql/astanalysis/earlyanalysis/ast_expand.go:960.4,961.18 2 0
github.com/stackql/stackql/internal/stackql/astanalysis/earlyanalysis/ast_expand.go:961.18,963.5 1 0
github.com/stackql/stackql/internal/stackql/astanalysis/earlyanalysis/ast_expand.go:964.4,964.14 1 0
github.com/stackql/stackql/internal/stackql/astanalysis/earlyanalysis/ast_expand.go:966.3,966.13 1 0
github.com/stackql/stackql/internal/stackql/astanalysis/earlyanalysis/ast_expand.go:968.33,969.42 1 0
github.com/stackql/stackql/internal/stackql/astanalysis/earlyanalysis/ast_expand.go:971.30,973.41 2 0
github.com/stackql/stackql/internal/stackql/astanalysis/earlyanalysis/ast_expand.go:975.31,977.17 2 0
github.com/stackql/stackql/internal/stackql/astanalysis/earlyanalysis/ast_expand.go:977.17,979.4 1 0
github.com/stackql/stackql/internal/stackql/astanalysis/earlyanalysis/ast_expand.go:980.3,980.21 1 0
github.com/stackql/stackql/internal/stackql/astanalysis/earlyanalysis/ast_expand.go:980.21,982.4 1 0
github.com/stackql/stackql/internal/stackql/astanalysis/earlyanalysis/ast_expand.go:983.3,983.24 1 0
github.com/stackql/stackql/internal/stackql/astanalysis/earlyanalysis/ast_expand.go:983.24,985.4 1 0
github.com/stackql/stackql/internal/stackql/astanalysis/earlyanalysis/ast_expand.go:987.32,989.17 2 0
github.com/stackql/stackql/internal/stackql/astanalysis/earlyanalysis/ast_expand.go:989.17,991.4 1 0
github.com/stackql/stackql/internal/stackql/astanalysis/earlyanalysis/ast_expand.go:992.3,993.17 2 0
github.com/stackql/stackql/internal/stackql/astanalysis/earlyanalysis/ast_expand.go:993.17,995.4 1 0
github.com/stackql/stackql/internal/stackql/astanalysis/earlyanalysis/ast_expand.go:996.3,997.17 2 0
github.com/stackql/stackql/internal/stackql/astanalysis/earlyanalysis/ast_expand.go:997.17,999.4 1 0
github.com/stackql/stackql/internal/stackql/astanalysis/earlyanalysis/ast_expand.go:1001.29,1003.29 2 0
github.com/stackql/stackql/internal/stackql/astanalysis/earlyanalysis/ast_expand.go:1003.29,1005.4 1 0
github.com/stackql/stackql/internal/stackql/astanalysis/earlyanalysis/ast_expand.go:1005.9,1007.35 2 0
github.com/stackql/stackql/internal/stackql/astanalysis/earlyanalysis/ast_expand.go:1007.35,1010.5 2 0
github.com/stackql/stackql/internal/stackql/astanalysis/earlyanalysis/ast_expand.go:1011.4,1011.28 1 0
github.com/stackql/stackql/internal/stackql/astanalysis/earlyanalysis/ast_expand.go:1014.24,1015.38 1 0
github.com/stackql/stackql/internal/stackql/astanalysis/earlyanalysis/ast_expand.go:1015.38,1017.4 1 0
github.com/stackql/stackql/internal/stackql/astanalysis/earlyanalysis/ast_expand.go:1018.3,1018.54 1 0
github.com/stackql/stackql/internal/stackql/astanalysis/earlyanalysis/ast_expand.go:1020.23,1022.26 2 0
github.com/stackql/stackql/internal/stackql/astanalysis/earlyanalysis/ast_expand.go:1022.26,1025.4 2 0
github.com/stackql/stackql/internal/stackql/astanalysis/earlyanalysis/ast_expand.go:1027.26,1028.58 1 0
github.com/stackql/stackql/internal/stackql/astanalysis/earlyanalysis/ast_expand.go:1030.25,1031.57 1 0
github.com/stackql/stackql/internal/stackql/astanalysis/earlyanalysis/ast_expand.go:1033.26,1034.58 1 0
github.com/stackql/stackql/internal/stackql/astanalysis/earlyanalysis/ast_expand.go:1036.26,1037.43 1 0
github.com/stackql/stackql/internal/stackql/astanalysis/earlyanalysis/ast_expand.go:1039.33,1041.17 2 0
github.com/stackql/stackql/internal/stackql/astanalysis/earlyanalysis/ast_expand.go:1041.17,1043.4 1 0
github.com/stackql/stackql/internal/stackql/astanalysis/earlyanalysis/ast_expand.go:1044.3,1045.17 2 0
github.com/stackql/stackql/internal/stackql/astanalysis/earlyanalysis/ast_expand.go:1045.17,1047.4 1 0
github.com/stackql/stackql/internal/stackql/astanalysis/earlyanalysis/ast_expand.go:1049.28,1050.87 1 0
github.com/stackql/stackql/internal/stackql/astanalysis/earlyanalysis/ast_expand.go:1052.25,1053.57 1 0
github.com/stackql/stackql/internal/stackql/astanalysis/earlyanalysis/ast_expand.go:1055.29,1056.50 1 0
github.com/stackql/stackql/internal/stackql/astanalysis/earlyanalysis/ast_expand.go:1058.25,1059.20 1 0
github.com/stackql/stackql/internal/stackql/astanalysis/earlyanalysis/ast_expand.go:1060.25,1061.69 1 0
github.com/stackql/stackql/internal/stackql/astanalysis/earlyanalysis/ast_expand.go:1062.63,1063.39 1 0
github.com/stackql/stackql/internal/stackql/astanalysis/earlyanalysis/ast_expand.go:1064.25,1065.42 1 0
github.com/stackql/stackql/internal/stackql/astanalysis/earlyanalysis/ast_expand.go:1066.25,1067.42 1 0
github.com/stackql/stackql/internal/stackql/astanalysis/earlyanalysis/ast_expand.go:1068.25,1069.34 1 0
github.com/stackql/stackql/internal/stackql/astanalysis/earlyanalysis/ast_expand.go:1070.11,1071.23 1 0
github.com/stackql/stackql/internal/stackql/astanalysis/earlyanalysis/ast_expand.go:1074.26,1075.30 1 0
github.com/stackql/stackql/internal/stackql/astanalysis/earlyanalysis/ast_expand.go:1077.25,1078.11 1 0
github.com/stackql/stackql/internal/stackql/astanalysis/earlyanalysis/ast_expand.go:1078.11,1080.4 1 0
github.com/stackql/stackql/internal/stackql/astanalysis/earlyanalysis/ast_expand.go:1080.9,1082.4 1 0
github.com/stackql/stackql/internal/stackql/astanalysis/earlyanalysis/ast_expand.go:1084.23,1085.18 1 0
github.com/stackql/stackql/internal/stackql/astanalysis/earlyanalysis/ast_expand.go:1087.26,1088.32 1 0
github.com/stackql/stackql/internal/stackql/astanalysis/earlyanalysis/ast_expand.go:1088.32,1090.4 1 0
github.com/stackql/stackql/internal/stackql/astanalysis/earlyanalysis/ast_expand.go:1091.3,1091.39 1 0
github.com/stackql/stackql/internal/stackql/astanalysis/earlyanalysis/ast_expand.go:1093.26,1094.53 1 0
github.com/stackql/stackql/internal/stackql/astanalysis/earlyanalysis/ast_expand.go:1096.27,1097.98 1 0
github.com/stackql/stackql/internal/stackql/astanalysis/earlyanalysis/ast_expand.go:1099.25,1100.29 1 0
github.com/stackql/stackql/internal/stackql/astanalysis/earlyanalysis/ast_expand.go:1102.29,1103.72 1 0
github.com/stackql/stackql/internal/stackql/astanalysis/earlyanalysis/ast_expand.go:1105.28,1106.58 1 0
github.com/stackql/stackql/internal/stackql/astanalysis/earlyanalysis/ast_expand.go:1106.58,1110.4 2 0
github.com/stackql/stackql/internal/stackql/astanalysis/earlyanalysis/ast_expand.go:1111.3,1111.56 1 0
github.com/stackql/stackql/internal/stackql/astanalysis/earlyanalysis/ast_expand.go:1113.31,1114.62 1 0
github.com/stackql/stackql/internal/stackql/astanalysis/earlyanalysis/ast_expand.go:1116.36,1117.86 1 0
github.com/stackql/stackql/internal/stackql/astanalysis/earlyanalysis/ast_expand.go:1119.34,1120.62 1 0
github.com/stackql/stackql/internal/stackql/astanalysis/earlyanalysis/ast_expand.go:1122.30,1123.64 1 0
github.com/stackql/stackql/internal/stackql/astanalysis/earlyanalysis/ast_expand.go:1125.31,1126.23 1 0
github.com/stackql/stackql/internal/stackql/astanalysis/earlyanalysis/ast_expand.go:1126.23,1128.4 1 0
github.com/stackql/stackql/internal/stackql/astanalysis/earlyanalysis/ast_expand.go:1130.27,1132.17 2 0
github.com/stackql/stackql/internal/stackql/astanalysis/earlyanalysis/ast_expand.go:1132.17,1134.4 1 0
github.com/stackql/stackql/internal/stackql/astanalysis/earlyanalysis/ast_expand.go:1135.3,1139.20 5 0
github.com/stackql/stackql/internal/stackql/astanalysis/earlyanalysis/ast_expand.go:1139.20,1141.4 1 0
github.com/stackql/stackql/internal/stackql/astanalysis/earlyanalysis/ast_expand.go:1142.3,1142.32 1 0
github.com/stackql/stackql/internal/stackql/astanalysis/earlyanalysis/ast_expand.go:1142.32,1144.4 1 0
github.com/stackql/stackql/internal/stackql/astanalysis/earlyanalysis/ast_expand.go:1147.3,1149.64 2 0
github.com/stackql/stackql/internal/stackql/astanalysis/earlyanalysis/ast_expand.go:1149.64,1151.4 1 0
github.com/stackql/stackql/internal/stackql/astanalysis/earlyanalysis/ast_expand.go:1151.9,1153.4 1 0
github.com/stackql/stackql/internal/stackql/astanalysis/earlyanalysis/ast_expand.go:1154.3,1154.54 1 0
github.com/stackql/stackql/internal/stackql/astanalysis/earlyanalysis/ast_expand.go:1156.34,1157.119 1 0
github.com/stackql/stackql/internal/stackql/astanalysis/earlyanalysis/ast_expand.go:1159.33,1160.47 1 0
github.com/stackql/stackql/internal/stackql/astanalysis/earlyanalysis/ast_expand.go:1162.29,1164.23 2 0
github.com/stackql/stackql/internal/stackql/astanalysis/earlyanalysis/ast_expand.go:1164.23,1166.4 1 0
github.com/stackql/stackql/internal/stackql/astanalysis/earlyanalysis/ast_expand.go:1166.9,1168.4 1 0
github.com/stackql/stackql/internal/stackql/astanalysis/earlyanalysis/ast_expand.go:1170.3,1170.21 1 0
github.com/stackql/stackql/internal/stackql/astanalysis/earlyanalysis/ast_expand.go:1170.21,1172.4 1 0
github.com/stackql/stackql/internal/stackql/astanalysis/earlyanalysis/ast_expand.go:1172.9,1174.4 1 0
github.com/stackql/stackql/internal/stackql/astanalysis/earlyanalysis/ast_expand.go:1176.30,1177.63 1 0
github.com/stackql/stackql/internal/stackql/astanalysis/earlyanalysis/ast_expand.go:1179.35,1180.68 1 0
github.com/stackql/stackql/internal/stackql/astanalysis/earlyanalysis/ast_expand.go:1182.30,1184.25 2 0
github.com/stackql/stackql/internal/stackql/astanalysis/earlyanalysis/ast_expand.go:1184.25,1186.25 2 0
github.com/stackql/stackql/internal/stackql/astanalysis/earlyanalysis/ast_expand.go:1186.25,1188.5 1 0
github.com/stackql/stackql/internal/stackql/astanalysis/earlyanalysis/ast_expand.go:1189.4,1189.28 1 0
github.com/stackql/stackql/internal/stackql/astanalysis/earlyanalysis/ast_expand.go:1191.3,1191.25 1 0
github.com/stackql/stackql/internal/stackql/astanalysis/earlyanalysis/ast_expand.go:1191.25,1193.4 1 0
github.com/stackql/stackql/internal/stackql/astanalysis/earlyanalysis/ast_expand.go:1195.28,1196.88 1 0
github.com/stackql/stackql/internal/stackql/astanalysis/earlyanalysis/ast_expand.go:1198.27,1200.23 2 0
github.com/stackql/stackql/internal/stackql/astanalysis/earlyanalysis/ast_expand.go:1200.23,1202.4 1 0
github.com/stackql/stackql/internal/stackql/astanalysis/earlyanalysis/ast_expand.go:1203.3,1203.35 1 0
github.com/stackql/stackql/internal/stackql/astanalysis/earlyanalysis/ast_expand.go:1203.35,1205.4 1 0
github.com/stackql/stackql/internal/stackql/astanalysis/earlyanalysis/ast_expand.go:1206.3,1206.23 1 0
github.com/stackql/stackql/internal/stackql/astanalysis/earlyanalysis/ast_expand.go:1206.23,1208.4 1 0
github.com/stackql/stackql/internal/stackql/astanalysis/earlyanalysis/ast_expand.go:1209.3,1209.29 1 0
github.com/stackql/stackql/internal/stackql/astanalysis/earlyanalysis/ast_expand.go:1211.26,1213.25 2 0
github.com/stackql/stackql/internal/stackql/astanalysis/earlyanalysis/ast_expand.go:1213.25,1217.4 3 0
github.com/stackql/stackql/internal/stackql/astanalysis/earlyanalysis/ast_expand.go:1219.23,1220.62 1 0
github.com/stackql/stackql/internal/stackql/astanalysis/earlyanalysis/ast_expand.go:1222.25,1222.25 0 0
github.com/stackql/stackql/internal/stackql/astanalysis/earlyanalysis/ast_expand.go:1224.25,1224.25 0 0
github.com/stackql/stackql/internal/stackql/astanalysis/earlyanalysis/ast_expand.go:1226.24,1227.53 1 0
github.com/stackql/stackql/internal/stackql/astanalysis/earlyanalysis/ast_expand.go:1227.53,1230.4 2 0
github.com/stackql/stackql/internal/stackql/astanalysis/earlyanalysis/ast_expand.go:1231.3,1231.54 1 0
github.com/stackql/stackql/internal/stackql/astanalysis/earlyanalysis/ast_expand.go:1231.54,1232.37 1 0
github.com/stackql/stackql/internal/stackql/astanalysis/earlyanalysis/ast_expand.go:1232.37,1235.5 2 0
github.com/stackql/stackql/internal/stackql/astanalysis/earlyanalysis/ast_expand.go:1238.3,1238.58 1 0
github.com/stackql/stackql/internal/stackql/astanalysis/earlyanalysis/ast_expand.go:1240.24,1241.18 1 0
github.com/stackql/stackql/internal/stackql/astanalysis/earlyanalysis/ast_expand.go:1241.18,1243.4 1 0
github.com/stackql/stackql/internal/stackql/astanalysis/earlyanalysis/ast_expand.go:1244.3,1245.25 2 0
github.com/stackql/stackql/internal/stackql/astanalysis/earlyanalysis/ast_expand.go:1245.25,1247.4 1 0
github.com/stackql/stackql/internal/stackql/astanalysis/earlyanalysis/ast_expand.go:1248.3,1248.43 1 0
github.com/stackql/stackql/internal/stackql/astanalysis/earlyanalysis/ast_expand.go:1250.24,1252.26 2 0
github.com/stackql/stackql/internal/stackql/astanalysis/earlyanalysis/ast_expand.go:1252.26,1255.4 2 0
github.com/stackql/stackql/internal/stackql/astanalysis/earlyanalysis/ast_expand.go:1257.29,1259.26 2 0
github.com/stackql/stackql/internal/stackql/astanalysis/earlyanalysis/ast_expand.go:1259.26,1262.4 2 0
github.com/stackql/stackql/internal/stackql/astanalysis/earlyanalysis/ast_expand.go:1264.29,1265.55 1 0
github.com/stackql/stackql/internal/stackql/astanalysis/earlyanalysis/ast_expand.go:1267.26,1269.26 2 0
github.com/stackql/stackql/internal/stackql/astanalysis/earlyanalysis/ast_expand.go:1269.26,1272.4 2 0
github.com/stackql/stackql/internal/stackql/astanalysis/earlyanalysis/ast_expand.go:1274.26,1275.23 1 0
github.com/stackql/stackql/internal/stackql/astanalysis/earlyanalysis/ast_expand.go:1275.23,1278.4 2 0
github.com/stackql/stackql/internal/stackql/astanalysis/earlyanalysis/ast_expand.go:1280.3,1280.10 1 0
github.com/stackql/stackql/internal/stackql/astanalysis/earlyanalysis/ast_expand.go:1281.75,1282.63 1 0
github.com/stackql/stackql/internal/stackql/astanalysis/earlyanalysis/ast_expand.go:1283.56,1285.89 2 0
github.com/stackql/stackql/internal/stackql/astanalysis/earlyanalysis/ast_expand.go:1286.11,1287.56 1 0
github.com/stackql/stackql/internal/stackql/astanalysis/earlyanalysis/ast_expand.go:1290.23,1291.18 1 0
github.com/stackql/stackql/internal/stackql/astanalysis/earlyanalysis/ast_expand.go:1291.18,1293.4 1 0
github.com/stackql/stackql/internal/stackql/astanalysis/earlyanalysis/ast_expand.go:1294.3,1294.82 1 0
github.com/stackql/stackql/internal/stackql/astanalysis/earlyanalysis/ast_expand.go:1296.26,1297.55 1 0
github.com/stackql/stackql/internal/stackql/astanalysis/earlyanalysis/ast_expand.go:1297.55,1299.4 1 0
github.com/stackql/stackql/internal/stackql/astanalysis/earlyanalysis/ast_expand.go:1300.3,1300.79 1 0
github.com/stackql/stackql/internal/stackql/astanalysis/earlyanalysis/ast_expand.go:1302.28,1302.28 0 0
github.com/stackql/stackql/internal/stackql/astanalysis/earlyanalysis/ast_expand.go:1304.33,1305.51 1 0
github.com/stackql/stackql/internal/stackql/astanalysis/earlyanalysis/ast_expand.go:1307.29,1308.29 1 0
github.com/stackql/stackql/internal/stackql/astanalysis/earlyanalysis/ast_expand.go:1310.2,1310.12 1 0
github.com/stackql/stackql/internal/stackql/astanalysis/earlyanalysis/first_passes.go:64.28,70.2 1 0
github.com/stackql/stackql/internal/stackql/astanalysis/earlyanalysis/first_passes.go:78.81,80.2 1 0
github.com/stackql/stackql/internal/stackql/astanalysis/earlyanalysis/first_passes.go:82.75,84.2 1 0
github.com/stackql/stackql/internal/stackql/astanalysis/earlyanalysis/first_passes.go:86.78,88.2 1 0
github.com/stackql/stackql/internal/stackql/astanalysis/earlyanalysis/first_passes.go:90.86,92.2 1 0
github.com/stackql/stackql/internal/stackql/astanalysis/earlyanalysis/first_passes.go:94.82,96.2 1 0
github.com/stackql/stackql/internal/stackql/astanalysis/earlyanalysis/first_passes.go:114.42,121.2 1 0
github.com/stackql/stackql/internal/stackql/astanalysis/earlyanalysis/first_passes.go:136.60,138.2 1 0
github.com/stackql/stackql/internal/stackql/astanalysis/earlyanalysis/first_passes.go:140.93,142.2 1 0
github.com/stackql/stackql/internal/stackql/astanalysis/earlyanalysis/first_passes.go:144.111,146.2 1 0
github.com/stackql/stackql/internal/stackql/astanalysis/earlyanalysis/first_passes.go:148.71,150.2 1 0
github.com/stackql/stackql/internal/stackql/astanalysis/earlyanalysis/first_passes.go:152.52,154.2 1 0
github.com/stackql/stackql/internal/stackql/astanalysis/earlyanalysis/first_passes.go:156.90,158.2 1 0
github.com/stackql/stackql/internal/stackql/astanalysis/earlyanalysis/first_passes.go:160.77,162.2 1 0
github.com/stackql/stackql/internal/stackql/astanalysis/earlyanalysis/first_passes.go:164.69,166.2 1 0
github.com/stackql/stackql/internal/stackql/astanalysis/earlyanalysis/first_passes.go:168.71,170.2 1 0
github.com/stackql/stackql/internal/stackql/astanalysis/earlyanalysis/first_passes.go:176.9,178.2 1 0
github.com/stackql/stackql/internal/stackql/astanalysis/earlyanalysis/first_passes.go:182.99,208.2 7 0
github.com/stackql/stackql/internal/stackql/astanalysis/earlyanalysis/first_passes.go:215.9,218.16 3 0
github.com/stackql/stackql/internal/stackql/astanalysis/earlyanalysis/first_passes.go:218.16,220.3 1 0
github.com/stackql/stackql/internal/stackql/astanalysis/earlyanalysis/first_passes.go:221.2,223.28 2 0
github.com/stackql/stackql/internal/stackql/astanalysis/earlyanalysis/first_passes.go:224.26,225.23 1 0
github.com/stackql/stackql/internal/stackql/astanalysis/earlyanalysis/first_passes.go:228.2,229.16 2 0
github.com/stackql/stackql/internal/stackql/astanalysis/earlyanalysis/first_passes.go:229.16,231.3 1 0
github.com/stackql/stackql/internal/stackql/astanalysis/earlyanalysis/first_passes.go:234.2,235.8 2 0
github.com/stackql/stackql/internal/stackql/astanalysis/earlyanalysis/first_passes.go:235.8,241.36 5 0
github.com/stackql/stackql/internal/stackql/astanalysis/earlyanalysis/first_passes.go:242.23,243.37 1 0
github.com/stackql/stackql/internal/stackql/astanalysis/earlyanalysis/first_passes.go:247.3,258.20 2 0
github.com/stackql/stackql/internal/stackql/astanalysis/earlyanalysis/first_passes.go:258.20,260.4 1 0
github.com/stackql/stackql/internal/stackql/astanalysis/earlyanalysis/first_passes.go:261.3,262.13 2 0
github.com/stackql/stackql/internal/stackql/astanalysis/earlyanalysis/first_passes.go:265.2,268.28 2 0
github.com/stackql/stackql/internal/stackql/astanalysis/earlyanalysis/first_passes.go:269.25,270.80 1 0
github.com/stackql/stackql/internal/stackql/astanalysis/earlyanalysis/first_passes.go:271.25,272.80 1 0
github.com/stackql/stackql/internal/stackql/astanalysis/earlyanalysis/first_passes.go:274.2,274.24 1 0
github.com/stackql/stackql/internal/stackql/astanalysis/earlyanalysis/first_passes.go:274.24,276.3 1 0
github.com/stackql/stackql/internal/stackql/astanalysis/earlyanalysis/first_passes.go:276.8,278.3 1 0
github.com/stackql/stackql/internal/stackql/astanalysis/earlyanalysis/first_passes.go:281.2,292.16 2 0
github.com/stackql/stackql/internal/stackql/astanalysis/earlyanalysis/first_passes.go:292.16,294.3 1 0
github.com/stackql/stackql/internal/stackql/astanalysis/earlyanalysis/first_passes.go:295.2,296.16 2 0
github.com/stackql/stackql/internal/stackql/astanalysis/earlyanalysis/first_passes.go:296.16,298.3 1 0
github.com/stackql/stackql/internal/stackql/astanalysis/earlyanalysis/first_passes.go:300.2,301.22 2 0
github.com/stackql/stackql/internal/stackql/astanalysis/earlyanalysis/first_passes.go:301.22,303.3 1 0
github.com/stackql/stackql/internal/stackql/astanalysis/earlyanalysis/first_passes.go:304.2,316.33 5 0
github.com/stackql/stackql/internal/stackql/astanalysis/earlyanalysis/first_passes.go:316.33,318.22 2 0
github.com/stackql/stackql/internal/stackql/astanalysis/earlyanalysis/first_passes.go:318.22,319.12 1 0
github.com/stackql/stackql/internal/stackql/astanalysis/earlyanalysis/first_passes.go:321.3,322.17 2 0
github.com/stackql/stackql/internal/stackql/astanalysis/earlyanalysis/first_passes.go:322.17,324.4 1 0
github.com/stackql/stackql/internal/stackql/astanalysis/earlyanalysis/first_passes.go:328.2,329.16 2 0
github.com/stackql/stackql/internal/stackql/astanalysis/earlyanalysis/first_passes.go:329.16,331.3 1 0
github.com/stackql/stackql/internal/stackql/astanalysis/earlyanalysis/first_passes.go:332.2,345.16 3 0
github.com/stackql/stackql/internal/stackql/astanalysis/earlyanalysis/first_passes.go:345.16,347.3 1 0
github.com/stackql/stackql/internal/stackql/astanalysis/earlyanalysis/first_passes.go:348.2,353.11 5 0
github.com/stackql/stackql/internal/stackql/astanalysis/earlyanalysis/first_passes.go:353.11,355.17 2 0
github.com/stackql/stackql/internal/stackql/astanalysis/earlyanalysis/first_passes.go:355.17,368.18 3 0
github.com/stackql/stackql/internal/stackql/astanalysis/earlyanalysis/first_passes.go:368.18,370.5 1 0
github.com/stackql/stackql/internal/stackql/astanalysis/earlyanalysis/first_passes.go:371.4,372.14 2 0
github.com/stackql/stackql/internal/stackql/astanalysis/earlyanalysis/first_passes.go:374.3,386.25 3 0
github.com/stackql/stackql/internal/stackql/astanalysis/earlyanalysis/first_passes.go:386.25,388.4 1 0
github.com/stackql/stackql/internal/stackql/astanalysis/earlyanalysis/first_passes.go:389.3,390.13 2 0
github.com/stackql/stackql/internal/stackql/astanalysis/earlyanalysis/first_passes.go:392.2,394.30 2 0
github.com/stackql/stackql/internal/stackql/astanalysis/earlyanalysis/first_passes.go:394.30,395.38 1 0
github.com/stackql/stackql/internal/stackql/astanalysis/earlyanalysis/first_passes.go:396.23,402.14 5 0
github.com/stackql/stackql/internal/stackql/astanalysis/earlyanalysis/first_passes.go:403.11,404.97 1 0
github.com/stackql/stackql/internal/stackql/astanalysis/earlyanalysis/first_passes.go:407.2,407.37 1 0
github.com/stackql/stackql/internal/stackql/astanalysis/earlyanalysis/first_passes.go:408.25,411.17 3 0
github.com/stackql/stackql/internal/stackql/astanalysis/earlyanalysis/first_passes.go:411.17,413.4 1 0
github.com/stackql/stackql/internal/stackql/astanalysis/earlyanalysis/first_passes.go:414.3,414.39 1 0
github.com/stackql/stackql/internal/stackql/astanalysis/earlyanalysis/first_passes.go:414.39,415.109 1 0
github.com/stackql/stackql/internal/stackql/astanalysis/earlyanalysis/first_passes.go:415.109,417.5 1 0
github.com/stackql/stackql/internal/stackql/astanalysis/earlyanalysis/first_passes.go:418.4,418.54 1 0
github.com/stackql/stackql/internal/stackql/astanalysis/earlyanalysis/first_passes.go:420.3,420.44 1 0
github.com/stackql/stackql/internal/stackql/astanalysis/earlyanalysis/first_passes.go:421.30,424.17 3 0
github.com/stackql/stackql/internal/stackql/astanalysis/earlyanalysis/first_passes.go:424.17,426.4 1 0
github.com/stackql/stackql/internal/stackql/astanalysis/earlyanalysis/first_passes.go:427.3,427.39 1 0
github.com/stackql/stackql/internal/stackql/astanalysis/earlyanalysis/first_passes.go:427.39,428.109 1 0
github.com/stackql/stackql/internal/stackql/astanalysis/earlyanalysis/first_passes.go:428.109,430.5 1 0
github.com/stackql/stackql/internal/stackql/astanalysis/earlyanalysis/first_passes.go:431.4,431.54 1 0
github.com/stackql/stackql/internal/stackql/astanalysis/earlyanalysis/first_passes.go:433.3,433.44 1 0
github.com/stackql/stackql/internal/stackql/astanalysis/earlyanalysis/first_passes.go:434.24,436.21 2 0
github.com/stackql/stackql/internal/stackql/astanalysis/earlyanalysis/first_passes.go:436.21,438.4 1 0
github.com/stackql/stackql/internal/stackql/astanalysis/earlyanalysis/first_passes.go:439.3,450.20 2 0
github.com/stackql/stackql/internal/stackql/astanalysis/earlyanalysis/first_passes.go:450.20,452.4 1 0
github.com/stackql/stackql/internal/stackql/astanalysis/earlyanalysis/first_passes.go:453.3,454.42 2 0
github.com/stackql/stackql/internal/stackql/astanalysis/earlyanalysis/first_passes.go:454.42,457.26 3 0
github.com/stackql/stackql/internal/stackql/astanalysis/earlyanalysis/first_passes.go:457.26,459.5 1 0
github.com/stackql/stackql/internal/stackql/astanalysis/earlyanalysis/first_passes.go:460.4,471.21 2 0
github.com/stackql/stackql/internal/stackql/astanalysis/earlyanalysis/first_passes.go:471.21,473.5 1 0
github.com/stackql/stackql/internal/stackql/astanalysis/earlyanalysis/first_passes.go:474.4,475.20 2 0
github.com/stackql/stackql/internal/stackql/astanalysis/earlyanalysis/first_passes.go:477.3,479.17 3 0
github.com/stackql/stackql/internal/stackql/astanalysis/earlyanalysis/first_passes.go:479.17,481.4 1 0
github.com/stackql/stackql/internal/stackql/astanalysis/earlyanalysis/first_passes.go:482.3,482.39 1 0
github.com/stackql/stackql/internal/stackql/astanalysis/earlyanalysis/first_passes.go:482.39,483.109 1 0
github.com/stackql/stackql/internal/stackql/astanalysis/earlyanalysis/first_passes.go:483.109,485.5 1 0
github.com/stackql/stackql/internal/stackql/astanalysis/earlyanalysis/first_passes.go:486.4,486.54 1 0
github.com/stackql/stackql/internal/stackql/astanalysis/earlyanalysis/first_passes.go:488.3,488.44 1 0
github.com/stackql/stackql/internal/stackql/astanalysis/earlyanalysis/first_passes.go:490.2,494.12 4 0
github.com/stackql/stackql/internal/stackql/datasource/sqltable/sqltable.go:18.89,26.2 4 1
github.com/stackql/stackql/internal/stackql/datasource/sqltable/sqltable.go:28.56,30.2 1 1
github.com/stackql/stackql/internal/stackql/datasource/sqltable/sqltable.go:32.69,34.2 1 1
github.com/stackql/stackql/internal/stackql/datasource/sql_datasource/generic.go:21.109,23.16 2 1
github.com/stackql/stackql/internal/stackql/datasource/sql_datasource/generic.go:23.16,25.3 1 1
github.com/stackql/stackql/internal/stackql/datasource/sql_datasource/generic.go:26.2,27.16 2 1
github.com/stackql/stackql/internal/stackql/datasource/sql_datasource/generic.go:27.16,29.3 1 0
github.com/stackql/stackql/internal/stackql/datasource/sql_datasource/generic.go:30.2,31.22 2 1
github.com/stackql/stackql/internal/stackql/datasource/sql_datasource/generic.go:31.22,33.3 1 1
github.com/stackql/stackql/internal/stackql/datasource/sql_datasource/generic.go:34.2,38.8 1 1
github.com/stackql/stackql/internal/stackql/datasource/sql_datasource/generic.go:47.56,49.2 1 1
github.com/stackql/stackql/internal/stackql/datasource/sql_datasource/generic.go:51.52,53.2 1 1
github.com/stackql/stackql/internal/stackql/datasource/sql_datasource/generic.go:55.93,57.2 1 1
github.com/stackql/stackql/internal/stackql/datasource/sql_datasource/generic.go:59.93,61.2 1 1
github.com/stackql/stackql/internal/stackql/datasource/sql_datasource/generic.go:63.86,65.2 1 1
github.com/stackql/stackql/internal/stackql/datasource/sql_datasource/generic.go:67.58,69.2 1 1
github.com/stackql/stackql/internal/stackql/datasource/sql_datasource/generic.go:71.93,73.2 1 1
github.com/stackql/stackql/internal/stackql/datasource/sql_datasource/sql_datasource.go:24.102,25.20 1 1
github.com/stackql/stackql/internal/stackql/datasource/sql_datasource/sql_datasource.go:25.20,27.3 1 1
github.com/stackql/stackql/internal/stackql/datasource/sql_datasource/sql_datasource.go:28.2,33.4 1 1
github.com/stackql/stackql/internal/stackql/datasource/sql_datasource/sql_datasource.go:33.4,35.3 1 1
github.com/stackql/stackql/internal/stackql/datasource/sql_datasource/sql_datasource.go:36.2,41.4 1 1
github.com/stackql/stackql/internal/stackql/datasource/sql_datasource/sql_datasource.go:41.4,43.3 1 1
github.com/stackql/stackql/internal/stackql/datasource/sql_datasource/sql_datasource.go:44.2,44.84 1 1
github.com/stackql/stackql/internal/stackql/driver/driver.go:36.87,38.2 1 0
github.com/stackql/stackql/internal/stackql/driver/driver.go:40.77,42.2 1 0
github.com/stackql/stackql/internal/stackql/driver/driver.go:44.77,46.16 2 0
github.com/stackql/stackql/internal/stackql/driver/driver.go:46.16,48.3 1 0
github.com/stackql/stackql/internal/stackql/driver/driver.go:49.2,50.19 2 0
github.com/stackql/stackql/internal/stackql/driver/driver.go:50.19,52.3 1 0
github.com/stackql/stackql/internal/stackql/driver/driver.go:53.2,54.21 2 0
github.com/stackql/stackql/internal/stackql/driver/driver.go:54.21,56.3 1 0
github.com/stackql/stackql/internal/stackql/driver/driver.go:57.2,61.24 5 0
github.com/stackql/stackql/internal/stackql/driver/driver.go:61.24,64.3 2 0
github.com/stackql/stackql/internal/stackql/driver/driver.go:65.2,70.16 2 0
github.com/stackql/stackql/internal/stackql/driver/driver.go:73.115,78.2 1 0
github.com/stackql/stackql/internal/stackql/driver/driver.go:80.86,82.16 2 0
github.com/stackql/stackql/internal/stackql/driver/driver.go:82.16,84.17 2 0
github.com/stackql/stackql/internal/stackql/driver/driver.go:84.17,86.4 1 0
github.com/stackql/stackql/internal/stackql/driver/driver.go:88.2,89.16 2 0
github.com/stackql/stackql/internal/stackql/driver/driver.go:89.16,91.3 1 0
github.com/stackql/stackql/internal/stackql/driver/driver.go:92.2,92.63 1 0
github.com/stackql/stackql/internal/stackql/driver/driver.go:104.59,115.2 4 1
github.com/stackql/stackql/internal/stackql/driver/driver.go:117.58,121.8 4 1
github.com/stackql/stackql/internal/stackql/driver/driver.go:121.8,122.31 1 1
github.com/stackql/stackql/internal/stackql/driver/driver.go:122.31,124.4 1 1
github.com/stackql/stackql/internal/stackql/driver/driver.go:134.52,135.24 1 0
github.com/stackql/stackql/internal/stackql/driver/driver.go:135.24,137.3 1 0
github.com/stackql/stackql/internal/stackql/driver/driver.go:138.2,138.11 1 0
github.com/stackql/stackql/internal/stackql/driver/driver.go:141.72,145.2 1 0
github.com/stackql/stackql/internal/stackql/driver/driver.go:148.118,154.9 3 0
github.com/stackql/stackql/internal/stackql/driver/driver.go:154.9,156.3 1 0
github.com/stackql/stackql/internal/stackql/driver/driver.go:157.2,158.25 2 0
github.com/stackql/stackql/internal/stackql/driver/driver.go:158.25,160.3 1 0
github.com/stackql/stackql/internal/stackql/driver/driver.go:161.2,161.30 1 0
github.com/stackql/stackql/internal/stackql/driver/driver.go:164.78,169.30 4 0
github.com/stackql/stackql/internal/stackql/driver/driver.go:169.30,170.37 1 0
github.com/stackql/stackql/internal/stackql/driver/driver.go:170.37,173.4 2 0
github.com/stackql/stackql/internal/stackql/driver/driver.go:173.9,173.25 1 0
github.com/stackql/stackql/internal/stackql/driver/driver.go:173.25,174.23 1 0
github.com/stackql/stackql/internal/stackql/driver/driver.go:174.23,176.5 1 0
github.com/stackql/stackql/internal/stackql/driver/driver.go:176.10,176.38 1 0
github.com/stackql/stackql/internal/stackql/driver/driver.go:176.38,178.5 1 0
github.com/stackql/stackql/internal/stackql/driver/driver.go:181.2,181.34 1 0
github.com/stackql/stackql/internal/stackql/driver/driver.go:184.81,186.19 2 1
github.com/stackql/stackql/internal/stackql/driver/driver.go:186.19,188.3 1 0
github.com/stackql/stackql/internal/stackql/driver/driver.go:189.2,190.21 2 1
github.com/stackql/stackql/internal/stackql/driver/driver.go:190.21,192.3 1 0
github.com/stackql/stackql/internal/stackql/driver/driver.go:193.2,197.8 2 1
github.com/stackql/stackql/internal/stackql/driver/driver.go:202.40,204.2 1 1
github.com/stackql/stackql/internal/stackql/garbagecollector/garbagecollector.go:28.20,30.2 1 1
github.com/stackql/stackql/internal/stackql/garbagecollector/garbagecollector.go:36.20,42.2 1 1
github.com/stackql/stackql/internal/stackql/garbagecollector/garbagecollector.go:50.115,52.2 1 1
github.com/stackql/stackql/internal/stackql/garbagecollector/garbagecollector.go:54.51,55.16 1 1
github.com/stackql/stackql/internal/stackql/garbagecollector/garbagecollector.go:55.16,57.3 1 1
github.com/stackql/stackql/internal/stackql/garbagecollector/garbagecollector.go:58.2,58.12 1 1
github.com/stackql/stackql/internal/stackql/garbagecollector/garbagecollector.go:61.53,63.2 1 1
github.com/stackql/stackql/internal/stackql/garbagecollector/garbagecollector.go:65.51,67.2 1 1
github.com/stackql/stackql/internal/stackql/garbagecollector/garbagecollector.go:69.60,71.2 1 1
github.com/stackql/stackql/internal/stackql/garbagecollector/garbagecollector.go:73.56,75.2 1 1
github.com/stackql/stackql/internal/stackql/garbagecollector/garbagecollector.go:77.64,79.2 1 1
github.com/stackql/stackql/internal/stackql/handler/handler.go:152.77,154.2 1 0
github.com/stackql/stackql/internal/stackql/handler/handler.go:156.68,161.2 1 0
github.com/stackql/stackql/internal/stackql/handler/handler.go:163.61,165.2 1 0
github.com/stackql/stackql/internal/stackql/handler/handler.go:167.78,169.2 1 0
github.com/stackql/stackql/internal/stackql/handler/handler.go:171.63,173.2 1 0
github.com/stackql/stackql/internal/stackql/handler/handler.go:175.60,177.2 1 0
github.com/stackql/stackql/internal/stackql/handler/handler.go:179.53,181.2 1 0
github.com/stackql/stackql/internal/stackql/handler/handler.go:183.101,185.2 1 0
github.com/stackql/stackql/internal/stackql/handler/handler.go:187.67,189.2 1 0
github.com/stackql/stackql/internal/stackql/handler/handler.go:191.64,193.2 1 0
github.com/stackql/stackql/internal/stackql/handler/handler.go:195.58,197.2 1 0
github.com/stackql/stackql/internal/stackql/handler/handler.go:199.54,201.2 1 0
github.com/stackql/stackql/internal/stackql/handler/handler.go:203.76,205.2 1 0
github.com/stackql/stackql/internal/stackql/handler/handler.go:207.80,207.102 1 0
github.com/stackql/stackql/internal/stackql/handler/handler.go:208.80,208.99 1 0
github.com/stackql/stackql/internal/stackql/handler/handler.go:209.80,209.108 1 0
github.com/stackql/stackql/internal/stackql/handler/handler.go:210.80,210.103 1 0
github.com/stackql/stackql/internal/stackql/handler/handler.go:211.87,213.2 1 0
github.com/stackql/stackql/internal/stackql/handler/handler.go:214.63,214.92 1 0
github.com/stackql/stackql/internal/stackql/handler/handler.go:216.70,220.2 3 0
github.com/stackql/stackql/internal/stackql/handler/handler.go:222.68,222.90 1 0
github.com/stackql/stackql/internal/stackql/handler/handler.go:223.68,223.99 1 0
github.com/stackql/stackql/internal/stackql/handler/handler.go:224.68,224.89 1 0
github.com/stackql/stackql/internal/stackql/handler/handler.go:225.61,229.2 3 0
github.com/stackql/stackql/internal/stackql/handler/handler.go:230.62,234.2 3 0
github.com/stackql/stackql/internal/stackql/handler/handler.go:235.71,235.93 1 0
github.com/stackql/stackql/internal/stackql/handler/handler.go:236.71,236.94 1 0
github.com/stackql/stackql/internal/stackql/handler/handler.go:237.71,237.94 1 0
github.com/stackql/stackql/internal/stackql/handler/handler.go:238.92,240.2 1 0
github.com/stackql/stackql/internal/stackql/handler/handler.go:241.91,243.2 1 0
github.com/stackql/stackql/internal/stackql/handler/handler.go:244.61,244.84 1 0
github.com/stackql/stackql/internal/stackql/handler/handler.go:245.73,247.2 1 0
github.com/stackql/stackql/internal/stackql/handler/handler.go:248.63,248.85 1 0
github.com/stackql/stackql/internal/stackql/handler/handler.go:253.74,253.97 1 0
github.com/stackql/stackql/internal/stackql/handler/handler.go:254.77,256.2 1 0
github.com/stackql/stackql/internal/stackql/handler/handler.go:258.106,260.16 2 0
[...]
github.com/stackql/stackql/pkg/mcp_server/client.go:89.8,92.17 3 0
github.com/stackql/stackql/pkg/mcp_server/client.go:92.17,93.11 1 0
github.com/stackql/stackql/pkg/mcp_server/client.go:95.5,96.32 2 0
github.com/stackql/stackql/pkg/mcp_server/client.go:96.32,97.64 1 0
github.com/stackql/stackql/pkg/mcp_server/client.go:97.64,99.7 1 0
github.com/stackql/stackql/pkg/mcp_server/client.go:99.12,101.7 1 0
github.com/stackql/stackql/pkg/mcp_server/client.go:102.11,104.6 1 0
github.com/stackql/stackql/pkg/mcp_server/client.go:106.4,106.176 1 0
github.com/stackql/stackql/pkg/mcp_server/client.go:107.9,113.8 5 0
github.com/stackql/stackql/pkg/mcp_server/client.go:113.8,116.17 3 0
github.com/stackql/stackql/pkg/mcp_server/client.go:116.17,117.11 1 0
github.com/stackql/stackql/pkg/mcp_server/client.go:119.5,119.32 1 0
github.com/stackql/stackql/pkg/mcp_server/client.go:119.32,120.14 1 0
github.com/stackql/stackql/pkg/mcp_server/client.go:122.5,124.20 3 0
github.com/stackql/stackql/pkg/mcp_server/client.go:124.20,126.14 2 0
github.com/stackql/stackql/pkg/mcp_server/client.go:128.5,128.20 1 0
github.com/stackql/stackql/pkg/mcp_server/client.go:128.20,130.6 1 0
github.com/stackql/stackql/pkg/mcp_server/client.go:132.4,132.20 1 0
github.com/stackql/stackql/pkg/mcp_server/client.go:132.20,134.5 1 0
github.com/stackql/stackql/pkg/mcp_server/client.go:134.10,136.5 1 0
github.com/stackql/stackql/pkg/mcp_server/client.go:140.3,141.54 2 0
github.com/stackql/stackql/pkg/mcp_server/client.go:141.54,143.12 2 0
github.com/stackql/stackql/pkg/mcp_server/client.go:143.12,145.5 1 0
github.com/stackql/stackql/pkg/mcp_server/client.go:146.4,146.19 1 0
github.com/stackql/stackql/pkg/mcp_server/client.go:149.3,150.56 2 0
github.com/stackql/stackql/pkg/mcp_server/client.go:150.56,152.15 2 0
github.com/stackql/stackql/pkg/mcp_server/client.go:152.15,154.5 1 0
github.com/stackql/stackql/pkg/mcp_server/client.go:155.4,155.43 1 0
github.com/stackql/stackql/pkg/mcp_server/client.go:158.3,159.47 2 0
github.com/stackql/stackql/pkg/mcp_server/client.go:159.47,160.33 1 0
github.com/stackql/stackql/pkg/mcp_server/client.go:160.33,162.5 1 0
github.com/stackql/stackql/pkg/mcp_server/client.go:162.10,164.5 1 0
github.com/stackql/stackql/pkg/mcp_server/client.go:169.3,169.23 1 0
github.com/stackql/stackql/pkg/mcp_server/client.go:169.23,170.59 1 0
github.com/stackql/stackql/pkg/mcp_server/client.go:170.59,171.82 1 0
github.com/stackql/stackql/pkg/mcp_server/client.go:171.82,174.6 1 0
github.com/stackql/stackql/pkg/mcp_server/client.go:176.9,178.4 1 0
github.com/stackql/stackql/pkg/mcp_server/client.go:181.3,189.18 2 0
github.com/stackql/stackql/pkg/mcp_server/client.go:189.18,190.27 1 0
github.com/stackql/stackql/pkg/mcp_server/client.go:190.27,192.5 1 0
github.com/stackql/stackql/pkg/mcp_server/client.go:194.4,194.74 1 0
github.com/stackql/stackql/pkg/mcp_server/client.go:194.74,197.5 2 0
github.com/stackql/stackql/pkg/mcp_server/client.go:197.10,199.5 1 0
github.com/stackql/stackql/pkg/mcp_server/client.go:200.4,204.93 4 0
github.com/stackql/stackql/pkg/mcp_server/client.go:204.93,205.27 1 0
github.com/stackql/stackql/pkg/mcp_server/client.go:205.27,207.6 1 0
github.com/stackql/stackql/pkg/mcp_server/client.go:208.5,208.44 1 0
github.com/stackql/stackql/pkg/mcp_server/client.go:208.44,210.6 1 0
github.com/stackql/stackql/pkg/mcp_server/client.go:212.5,212.86 1 0
github.com/stackql/stackql/pkg/mcp_server/client.go:212.86,213.67 1 0
github.com/stackql/stackql/pkg/mcp_server/client.go:213.67,215.63 1 0
github.com/stackql/stackql/pkg/mcp_server/client.go:215.63,217.8 1 0
github.com/stackql/stackql/pkg/mcp_server/client.go:220.5,220.15 1 0
github.com/stackql/stackql/pkg/mcp_server/client.go:224.3,229.54 2 0
github.com/stackql/stackql/pkg/mcp_server/client.go:229.54,230.32 1 0
github.com/stackql/stackql/pkg/mcp_server/client.go:230.32,232.5 1 0
github.com/stackql/stackql/pkg/mcp_server/client.go:232.10,232.16 1 0
github.com/stackql/stackql/pkg/mcp_server/client.go:232.16,233.67 1 0
github.com/stackql/stackql/pkg/mcp_server/client.go:233.67,239.6 4 0
github.com/stackql/stackql/pkg/mcp_server/client.go:239.11,241.6 1 0
github.com/stackql/stackql/pkg/mcp_server/client.go:245.3,245.42 1 0
github.com/stackql/stackql/pkg/mcp_server/client.go:247.2,247.32 1 0
github.com/stackql/stackql/pkg/mcp_server/client.go:250.110,251.19 1 0
github.com/stackql/stackql/pkg/mcp_server/client.go:251.19,254.3 2 0
github.com/stackql/stackql/pkg/mcp_server/client.go:255.2,256.26 2 0
github.com/stackql/stackql/pkg/mcp_server/client.go:256.26,258.3 1 0
github.com/stackql/stackql/pkg/mcp_server/client.go:259.2,264.8 1 0
github.com/stackql/stackql/pkg/mcp_server/client.go:274.63,289.2 5 0
github.com/stackql/stackql/pkg/mcp_server/client.go:291.59,293.16 2 0
github.com/stackql/stackql/pkg/mcp_server/client.go:293.16,295.3 1 0
github.com/stackql/stackql/pkg/mcp_server/client.go:296.2,296.16 1 0
github.com/stackql/stackql/pkg/mcp_server/client.go:299.66,308.16 6 0
github.com/stackql/stackql/pkg/mcp_server/client.go:308.16,310.3 1 0
github.com/stackql/stackql/pkg/mcp_server/client.go:311.2,312.41 2 0
github.com/stackql/stackql/pkg/mcp_server/client.go:312.41,319.3 3 0
github.com/stackql/stackql/pkg/mcp_server/client.go:321.2,322.16 2 0
github.com/stackql/stackql/pkg/mcp_server/client.go:325.101,336.16 6 0
github.com/stackql/stackql/pkg/mcp_server/client.go:336.16,339.3 2 0
github.com/stackql/stackql/pkg/mcp_server/client.go:341.2,342.20 2 0
github.com/stackql/stackql/pkg/mcp_server/client.go:345.92,347.24 2 0
github.com/stackql/stackql/pkg/mcp_server/client.go:347.24,349.3 1 0
github.com/stackql/stackql/pkg/mcp_server/client.go:350.2,351.43 2 0
github.com/stackql/stackql/pkg/mcp_server/client.go:351.43,352.56 1 0
github.com/stackql/stackql/pkg/mcp_server/client.go:352.56,354.4 1 0
github.com/stackql/stackql/pkg/mcp_server/client.go:356.2,356.20 1 0
github.com/stackql/stackql/pkg/mcp_server/client.go:363.66,364.19 1 0
github.com/stackql/stackql/pkg/mcp_server/client.go:364.19,367.3 2 0
github.com/stackql/stackql/pkg/mcp_server/client.go:368.2,370.8 1 0
github.com/stackql/stackql/pkg/mcp_server/client.go:373.67,376.2 2 0
github.com/stackql/stackql/pkg/mcp_server/client.go:378.93,381.2 2 0
github.com/stackql/stackql/pkg/mcp_server/config.go:20.46,21.30 1 0
github.com/stackql/stackql/pkg/mcp_server/config.go:21.30,23.3 1 0
github.com/stackql/stackql/pkg/mcp_server/config.go:24.2,24.27 1 0
github.com/stackql/stackql/pkg/mcp_server/config.go:27.44,28.28 1 0
github.com/stackql/stackql/pkg/mcp_server/config.go:28.28,30.3 1 0
github.com/stackql/stackql/pkg/mcp_server/config.go:31.2,31.25 1 0
github.com/stackql/stackql/pkg/mcp_server/config.go:34.38,36.2 1 0
github.com/stackql/stackql/pkg/mcp_server/config.go:38.54,39.38 1 0
github.com/stackql/stackql/pkg/mcp_server/config.go:39.38,41.3 1 0
github.com/stackql/stackql/pkg/mcp_server/config.go:42.2,42.35 1 0
github.com/stackql/stackql/pkg/mcp_server/config.go:107.49,109.2 1 1
github.com/stackql/stackql/pkg/mcp_server/config.go:112.53,114.49 2 1
github.com/stackql/stackql/pkg/mcp_server/config.go:114.49,116.3 1 0
github.com/stackql/stackql/pkg/mcp_server/config.go:117.2,118.16 2 1
github.com/stackql/stackql/pkg/mcp_server/config.go:118.16,120.3 1 0
github.com/stackql/stackql/pkg/mcp_server/config.go:121.2,122.12 2 1
github.com/stackql/stackql/pkg/mcp_server/config.go:126.54,128.2 1 0
github.com/stackql/stackql/pkg/mcp_server/config.go:131.75,133.38 2 0
github.com/stackql/stackql/pkg/mcp_server/config.go:133.38,135.3 1 0
github.com/stackql/stackql/pkg/mcp_server/config.go:136.2,137.16 2 0
github.com/stackql/stackql/pkg/mcp_server/config.go:137.16,139.3 1 0
github.com/stackql/stackql/pkg/mcp_server/config.go:140.2,141.12 2 0
github.com/stackql/stackql/pkg/mcp_server/config.go:145.30,164.2 1 1
github.com/stackql/stackql/pkg/mcp_server/config.go:167.30,170.2 2 1
github.com/stackql/stackql/pkg/mcp_server/config.go:172.34,176.2 3 0
github.com/stackql/stackql/pkg/mcp_server/config.go:178.33,182.2 3 0
github.com/stackql/stackql/pkg/mcp_server/config.go:187.35,205.2 1 1
github.com/stackql/stackql/pkg/mcp_server/config.go:208.49,210.53 2 0
github.com/stackql/stackql/pkg/mcp_server/config.go:210.53,212.3 1 0
github.com/stackql/stackql/pkg/mcp_server/config.go:213.2,213.42 1 0
github.com/stackql/stackql/pkg/mcp_server/config.go:213.42,215.3 1 0
github.com/stackql/stackql/pkg/mcp_server/config.go:216.2,216.20 1 0
github.com/stackql/stackql/pkg/mcp_server/config.go:220.49,222.53 2 0
github.com/stackql/stackql/pkg/mcp_server/config.go:222.53,224.3 1 0
github.com/stackql/stackql/pkg/mcp_server/config.go:225.2,225.42 1 0
github.com/stackql/stackql/pkg/mcp_server/config.go:225.42,227.3 1 0
github.com/stackql/stackql/pkg/mcp_server/config.go:228.2,228.20 1 0
github.com/stackql/stackql/pkg/mcp_server/example_backend.go:27.90,29.2 1 0
github.com/stackql/stackql/pkg/mcp_server/example_backend.go:31.95,37.2 1 0
github.com/stackql/stackql/pkg/mcp_server/example_backend.go:41.89,45.2 1 0
github.com/stackql/stackql/pkg/mcp_server/example_backend.go:47.93,49.2 1 0
github.com/stackql/stackql/pkg/mcp_server/example_backend.go:51.120,53.2 1 0
github.com/stackql/stackql/pkg/mcp_server/example_backend.go:55.101,57.2 1 0
github.com/stackql/stackql/pkg/mcp_server/example_backend.go:63.122,65.2 1 0
github.com/stackql/stackql/pkg/mcp_server/example_backend.go:67.114,69.2 1 0
github.com/stackql/stackql/pkg/mcp_server/example_backend.go:75.123,77.2 1 0
github.com/stackql/stackql/pkg/mcp_server/example_backend.go:79.129,81.2 1 0
github.com/stackql/stackql/pkg/mcp_server/example_backend.go:83.115,85.2 1 0
github.com/stackql/stackql/pkg/mcp_server/example_backend.go:87.108,89.2 1 0
github.com/stackql/stackql/pkg/mcp_server/example_backend.go:91.110,93.2 1 0
github.com/stackql/stackql/pkg/mcp_server/example_backend.go:95.111,97.2 1 0
github.com/stackql/stackql/pkg/mcp_server/example_backend.go:99.104,101.2 1 0
github.com/stackql/stackql/pkg/mcp_server/example_backend.go:103.95,105.2 1 0
github.com/stackql/stackql/pkg/mcp_server/example_backend.go:107.87,109.2 1 0
github.com/stackql/stackql/pkg/mcp_server/example_backend.go:111.109,113.2 1 0
github.com/stackql/stackql/pkg/mcp_server/example_backend.go:115.110,117.2 1 0
github.com/stackql/stackql/pkg/mcp_server/example_backend.go:120.57,125.2 1 1
github.com/stackql/stackql/pkg/mcp_server/example_backend.go:128.58,129.18 1 1
github.com/stackql/stackql/pkg/mcp_server/example_backend.go:129.18,132.3 1 1
github.com/stackql/stackql/pkg/mcp_server/example_backend.go:135.2,135.9 1 1
github.com/stackql/stackql/pkg/mcp_server/example_backend.go:136.20,137.19 1 0
github.com/stackql/stackql/pkg/mcp_server/example_backend.go:138.43,139.13 1 1
github.com/stackql/stackql/pkg/mcp_server/example_backend.go:144.40,147.2 2 1
github.com/stackql/stackql/pkg/mcp_server/example_backend.go:151.72,152.19 1 1
github.com/stackql/stackql/pkg/mcp_server/example_backend.go:152.19,154.3 1 1
github.com/stackql/stackql/pkg/mcp_server/example_backend.go:156.2,158.43 2 1
github.com/stackql/stackql/pkg/mcp_server/logging_middleware.go:19.49,22.2 2 0
github.com/stackql/stackql/pkg/mcp_server/logging_middleware.go:24.79,25.71 1 0
github.com/stackql/stackql/pkg/mcp_server/logging_middleware.go:25.71,50.3 6 0
github.com/stackql/stackql/pkg/mcp_server/server.go:47.83,50.78 2 0
github.com/stackql/stackql/pkg/mcp_server/server.go:50.78,52.3 1 0
github.com/stackql/stackql/pkg/mcp_server/server.go:54.2,61.71 3 0
github.com/stackql/stackql/pkg/mcp_server/server.go:61.71,63.130 2 0
github.com/stackql/stackql/pkg/mcp_server/server.go:63.130,66.4 2 0
github.com/stackql/stackql/pkg/mcp_server/server.go:67.3,67.13 1 0
github.com/stackql/stackql/pkg/mcp_server/server.go:70.2,70.73 1 0
github.com/stackql/stackql/pkg/mcp_server/server.go:70.73,73.3 2 0
github.com/stackql/stackql/pkg/mcp_server/server.go:74.2,74.12 1 0
github.com/stackql/stackql/pkg/mcp_server/server.go:77.88,80.2 2 0
github.com/stackql/stackql/pkg/mcp_server/server.go:82.106,84.2 1 0
github.com/stackql/stackql/pkg/mcp_server/server.go:97.94,98.19 1 1
github.com/stackql/stackql/pkg/mcp_server/server.go:98.19,100.3 1 0
github.com/stackql/stackql/pkg/mcp_server/server.go:101.2,101.42 1 1
github.com/stackql/stackql/pkg/mcp_server/server.go:101.42,103.3 1 0
github.com/stackql/stackql/pkg/mcp_server/server.go:104.2,104.20 1 1
github.com/stackql/stackql/pkg/mcp_server/server.go:104.20,106.3 1 0
github.com/stackql/stackql/pkg/mcp_server/server.go:107.2,107.19 1 1
github.com/stackql/stackql/pkg/mcp_server/server.go:107.19,111.3 2 1
github.com/stackql/stackql/pkg/mcp_server/server.go:113.2,123.110 2 1
github.com/stackql/stackql/pkg/mcp_server/server.go:123.110,125.26 2 0
github.com/stackql/stackql/pkg/mcp_server/server.go:125.26,127.5 1 0
github.com/stackql/stackql/pkg/mcp_server/server.go:128.4,130.106 3 0
github.com/stackql/stackql/pkg/mcp_server/server.go:133.2,139.113 1 1
github.com/stackql/stackql/pkg/mcp_server/server.go:139.113,141.20 2 0
github.com/stackql/stackql/pkg/mcp_server/server.go:141.20,143.5 1 0
github.com/stackql/stackql/pkg/mcp_server/server.go:144.4,146.106 3 0
github.com/stackql/stackql/pkg/mcp_server/server.go:149.2,155.113 1 1
github.com/stackql/stackql/pkg/mcp_server/server.go:155.113,157.20 2 0
github.com/stackql/stackql/pkg/mcp_server/server.go:157.20,159.5 1 0
github.com/stackql/stackql/pkg/mcp_server/server.go:160.4,162.106 3 0
github.com/stackql/stackql/pkg/mcp_server/server.go:165.2,172.109 1 1
github.com/stackql/stackql/pkg/mcp_server/server.go:172.109,175.20 3 0
github.com/stackql/stackql/pkg/mcp_server/server.go:175.20,177.5 1 0
github.com/stackql/stackql/pkg/mcp_server/server.go:178.4,182.15 1 0
github.com/stackql/stackql/pkg/mcp_server/server.go:185.2,191.109 1 1
github.com/stackql/stackql/pkg/mcp_server/server.go:191.109,194.20 3 0
github.com/stackql/stackql/pkg/mcp_server/server.go:194.20,196.5 1 0
github.com/stackql/stackql/pkg/mcp_server/server.go:197.4,198.28 2 0
github.com/stackql/stackql/pkg/mcp_server/server.go:198.28,200.50 2 0
github.com/stackql/stackql/pkg/mcp_server/server.go:200.50,204.6 3 0
github.com/stackql/stackql/pkg/mcp_server/server.go:206.4,207.106 2 0
github.com/stackql/stackql/pkg/mcp_server/server.go:210.2,216.114 1 1
github.com/stackql/stackql/pkg/mcp_server/server.go:216.114,218.18 2 0
github.com/stackql/stackql/pkg/mcp_server/server.go:218.18,220.5 1 0
github.com/stackql/stackql/pkg/mcp_server/server.go:221.4,223.106 3 0
github.com/stackql/stackql/pkg/mcp_server/server.go:226.2,232.114 1 1
github.com/stackql/stackql/pkg/mcp_server/server.go:232.114,237.18 5 0
github.com/stackql/stackql/pkg/mcp_server/server.go:237.18,241.5 3 0
github.com/stackql/stackql/pkg/mcp_server/server.go:242.4,244.106 3 0
github.com/stackql/stackql/pkg/mcp_server/server.go:247.2,253.114 1 1
github.com/stackql/stackql/pkg/mcp_server/server.go:253.114,255.18 2 0
github.com/stackql/stackql/pkg/mcp_server/server.go:255.18,257.5 1 0
github.com/stackql/stackql/pkg/mcp_server/server.go:258.4,259.106 2 0
github.com/stackql/stackql/pkg/mcp_server/server.go:262.2,268.114 1 1
github.com/stackql/stackql/pkg/mcp_server/server.go:268.114,270.18 2 0
github.com/stackql/stackql/pkg/mcp_server/server.go:270.18,272.5 1 0
github.com/stackql/stackql/pkg/mcp_server/server.go:273.4,274.106 2 0
github.com/stackql/stackql/pkg/mcp_server/server.go:278.2,284.114 1 1
github.com/stackql/stackql/pkg/mcp_server/server.go:284.114,286.18 2 0
github.com/stackql/stackql/pkg/mcp_server/server.go:286.18,288.5 1 0
github.com/stackql/stackql/pkg/mcp_server/server.go:289.4,291.106 3 0
github.com/stackql/stackql/pkg/mcp_server/server.go:295.2,301.115 1 1
github.com/stackql/stackql/pkg/mcp_server/server.go:301.115,303.18 2 0
github.com/stackql/stackql/pkg/mcp_server/server.go:303.18,305.5 1 0
github.com/stackql/stackql/pkg/mcp_server/server.go:306.4,307.25 2 0
github.com/stackql/stackql/pkg/mcp_server/server.go:307.25,309.5 1 0
github.com/stackql/stackql/pkg/mcp_server/server.go:310.4,314.18 1 0
github.com/stackql/stackql/pkg/mcp_server/server.go:318.2,324.119 1 1
github.com/stackql/stackql/pkg/mcp_server/server.go:324.119,326.18 2 0
github.com/stackql/stackql/pkg/mcp_server/server.go:326.18,328.5 1 0
github.com/stackql/stackql/pkg/mcp_server/server.go:329.4,330.25 2 0
github.com/stackql/stackql/pkg/mcp_server/server.go:330.25,332.5 1 0
github.com/stackql/stackql/pkg/mcp_server/server.go:333.4,337.18 1 0
github.com/stackql/stackql/pkg/mcp_server/server.go:341.2,347.96 1 1
github.com/stackql/stackql/pkg/mcp_server/server.go:347.96,349.18 2 0
github.com/stackql/stackql/pkg/mcp_server/server.go:349.18,351.5 1 0
github.com/stackql/stackql/pkg/mcp_server/server.go:352.4,354.106 3 0
github.com/stackql/stackql/pkg/mcp_server/server.go:358.2,364.114 1 1
github.com/stackql/stackql/pkg/mcp_server/server.go:364.114,366.18 2 0
github.com/stackql/stackql/pkg/mcp_server/server.go:366.18,368.5 1 0
github.com/stackql/stackql/pkg/mcp_server/server.go:369.4,371.106 3 0
github.com/stackql/stackql/pkg/mcp_server/server.go:375.2,381.114 1 1
github.com/stackql/stackql/pkg/mcp_server/server.go:381.114,383.18 2 0
github.com/stackql/stackql/pkg/mcp_server/server.go:383.18,385.5 1 0
github.com/stackql/stackql/pkg/mcp_server/server.go:386.4,388.106 3 0
github.com/stackql/stackql/pkg/mcp_server/server.go:392.2,398.114 1 1
github.com/stackql/stackql/pkg/mcp_server/server.go:398.114,400.18 2 0
github.com/stackql/stackql/pkg/mcp_server/server.go:400.18,402.5 1 0
github.com/stackql/stackql/pkg/mcp_server/server.go:403.4,405.106 3 0
github.com/stackql/stackql/pkg/mcp_server/server.go:409.2,415.114 1 1
github.com/stackql/stackql/pkg/mcp_server/server.go:415.114,417.18 2 0
github.com/stackql/stackql/pkg/mcp_server/server.go:417.18,419.5 1 0
github.com/stackql/stackql/pkg/mcp_server/server.go:420.4,422.106 3 0
github.com/stackql/stackql/pkg/mcp_server/server.go:426.2,432.114 1 1
github.com/stackql/stackql/pkg/mcp_server/server.go:432.114,434.18 2 0
github.com/stackql/stackql/pkg/mcp_server/server.go:434.18,436.5 1 0
github.com/stackql/stackql/pkg/mcp_server/server.go:437.4,439.106 3 0
github.com/stackql/stackql/pkg/mcp_server/server.go:443.2,449.114 1 1
github.com/stackql/stackql/pkg/mcp_server/server.go:449.114,451.18 2 0
github.com/stackql/stackql/pkg/mcp_server/server.go:451.18,453.5 1 0
github.com/stackql/stackql/pkg/mcp_server/server.go:454.4,456.106 3 0
github.com/stackql/stackql/pkg/mcp_server/server.go:460.2,467.8 1 1
github.com/stackql/stackql/pkg/mcp_server/server.go:473.60,475.15 2 0
github.com/stackql/stackql/pkg/mcp_server/server.go:475.15,478.3 2 0
github.com/stackql/stackql/pkg/mcp_server/server.go:479.2,479.15 1 0
github.com/stackql/stackql/pkg/mcp_server/server.go:479.15,481.3 1 0
github.com/stackql/stackql/pkg/mcp_server/server.go:482.2,483.19 2 0
github.com/stackql/stackql/pkg/mcp_server/server.go:487.58,488.39 1 0
github.com/stackql/stackql/pkg/mcp_server/server.go:489.27,490.45 1 0
github.com/stackql/stackql/pkg/mcp_server/server.go:491.26,492.86 1 0
github.com/stackql/stackql/pkg/mcp_server/server.go:493.28,495.50 1 0
github.com/stackql/stackql/pkg/mcp_server/server.go:496.10,497.76 1 0
github.com/stackql/stackql/pkg/mcp_server/server.go:502.40,506.16 3 0
github.com/stackql/stackql/pkg/mcp_server/server.go:506.16,508.3 1 0
github.com/stackql/stackql/pkg/mcp_server/server.go:511.2,512.35 2 0
github.com/stackql/stackql/pkg/mcp_server/server.go:512.35,513.40 1 0
github.com/stackql/stackql/pkg/mcp_server/server.go:513.40,515.4 1 0
github.com/stackql/stackql/pkg/mcp_server/server.go:519.2,519.42 1 0
github.com/stackql/stackql/pkg/mcp_server/server.go:519.42,521.3 1 0
github.com/stackql/stackql/pkg/mcp_server/server.go:523.2,526.19 3 0
github.com/stackql/stackql/pkg/mcp_server/server.go:526.19,528.3 1 0
github.com/stackql/stackql/pkg/mcp_server/server.go:530.2,531.12 2 0
github.com/stackql/stackql/stackql/main.go:25.13,26.34 1 1
github.com/stackql/stackql/stackql/main.go:26.34,29.3 2 0
github.com/stackql/stackql/stackql/main.go:32.22,34.2 1 1
