mode: set
github.com/stackql/stackql/internal/stackql/astanalysis/annotatedast/annotated_ast.go:11.90,26.2 2 1
github.com/stackql/stackql/internal/stackql/astanalysis/annotatedast/annotated_ast.go:69.56,70.21 1 1
github.com/stackql/stackql/internal/stackql/astanalysis/annotatedast/annotated_ast.go:70.21,72.39 2 0
github.com/stackql/stackql/internal/stackql/astanalysis/annotatedast/annotated_ast.go:72.39,74.4 1 0
github.com/stackql/stackql/internal/stackql/astanalysis/annotatedast/annotated_ast.go:76.2,76.14 1 1
github.com/stackql/stackql/internal/stackql/astanalysis/annotatedast/annotated_ast.go:79.70,80.26 1 1
github.com/stackql/stackql/internal/stackql/astanalysis/annotatedast/annotated_ast.go:81.23,82.37 1 1
github.com/stackql/stackql/internal/stackql/astanalysis/annotatedast/annotated_ast.go:83.25,84.37 1 1
github.com/stackql/stackql/internal/stackql/astanalysis/annotatedast/annotated_ast.go:85.25,86.37 1 0
github.com/stackql/stackql/internal/stackql/astanalysis/annotatedast/annotated_ast.go:87.25,88.37 1 0
github.com/stackql/stackql/internal/stackql/astanalysis/annotatedast/annotated_ast.go:89.10,90.15 1 1
github.com/stackql/stackql/internal/stackql/astanalysis/annotatedast/annotated_ast.go:94.103,97.2 2 1
github.com/stackql/stackql/internal/stackql/astanalysis/annotatedast/annotated_ast.go:99.62,101.45 2 1
github.com/stackql/stackql/internal/stackql/astanalysis/annotatedast/annotated_ast.go:101.45,102.31 1 1
github.com/stackql/stackql/internal/stackql/astanalysis/annotatedast/annotated_ast.go:103.30,104.34 1 0
github.com/stackql/stackql/internal/stackql/astanalysis/annotatedast/annotated_ast.go:105.11,105.11 0 1
github.com/stackql/stackql/internal/stackql/astanalysis/annotatedast/annotated_ast.go:108.2,108.11 1 1
github.com/stackql/stackql/internal/stackql/astanalysis/annotatedast/annotated_ast.go:111.105,113.2 1 1
github.com/stackql/stackql/internal/stackql/astanalysis/annotatedast/annotated_ast.go:115.107,118.2 2 1
github.com/stackql/stackql/internal/stackql/astanalysis/annotatedast/annotated_ast.go:120.109,122.2 1 1
github.com/stackql/stackql/internal/stackql/astanalysis/annotatedast/annotated_ast.go:124.110,126.2 1 1
github.com/stackql/stackql/internal/stackql/astanalysis/annotatedast/annotated_ast.go:128.108,130.8 2 1
github.com/stackql/stackql/internal/stackql/astanalysis/annotatedast/annotated_ast.go:130.8,132.3 1 1
github.com/stackql/stackql/internal/stackql/astanalysis/annotatedast/annotated_ast.go:133.2,133.31 1 0
github.com/stackql/stackql/internal/stackql/astanalysis/annotatedast/annotated_ast.go:134.25,135.33 1 0
github.com/stackql/stackql/internal/stackql/astanalysis/annotatedast/annotated_ast.go:136.24,138.16 2 0
github.com/stackql/stackql/internal/stackql/astanalysis/annotatedast/annotated_ast.go:139.30,140.20 1 0
github.com/stackql/stackql/internal/stackql/astanalysis/annotatedast/annotated_ast.go:141.10,142.20 1 0
github.com/stackql/stackql/internal/stackql/astanalysis/annotatedast/annotated_ast.go:146.113,148.2 1 1
github.com/stackql/stackql/internal/stackql/astanalysis/annotatedast/annotated_ast.go:150.111,153.2 2 1
github.com/stackql/stackql/internal/stackql/astanalysis/annotatedast/annotated_ast.go:155.62,157.2 1 1
github.com/stackql/stackql/internal/stackql/astanalysis/annotatedast/annotated_ast.go:159.51,161.2 1 1
github.com/stackql/stackql/internal/stackql/astanalysis/annotatedast/annotated_ast.go:163.116,166.2 2 1
github.com/stackql/stackql/internal/stackql/astanalysis/annotatedast/annotated_ast.go:168.114,170.2 1 1
github.com/stackql/stackql/internal/stackql/astanalysis/annotatedast/annotated_ast.go:172.98,173.26 1 1
github.com/stackql/stackql/internal/stackql/astanalysis/annotatedast/annotated_ast.go:174.35,176.9 2 0
github.com/stackql/stackql/internal/stackql/astanalysis/annotatedast/annotated_ast.go:176.9,178.4 1 0
github.com/stackql/stackql/internal/stackql/astanalysis/annotatedast/annotated_ast.go:179.3,179.32 1 0
github.com/stackql/stackql/internal/stackql/astanalysis/annotatedast/annotated_ast.go:180.27,182.16 2 1
github.com/stackql/stackql/internal/stackql/astanalysis/annotatedast/annotated_ast.go:183.22,185.16 2 0
github.com/stackql/stackql/internal/stackql/astanalysis/annotatedast/annotated_ast.go:186.42,188.16 2 0
github.com/stackql/stackql/internal/stackql/astanalysis/annotatedast/annotated_ast.go:189.10,190.20 1 0
github.com/stackql/stackql/internal/stackql/astanalysis/annotatedast/annotated_ast.go:194.106,195.26 1 1
github.com/stackql/stackql/internal/stackql/astanalysis/annotatedast/annotated_ast.go:196.35,198.9 2 0
github.com/stackql/stackql/internal/stackql/astanalysis/annotatedast/annotated_ast.go:198.9,200.4 1 0
github.com/stackql/stackql/internal/stackql/astanalysis/annotatedast/annotated_ast.go:201.3,201.32 1 0
github.com/stackql/stackql/internal/stackql/astanalysis/annotatedast/annotated_ast.go:202.27,204.16 2 1
github.com/stackql/stackql/internal/stackql/astanalysis/annotatedast/annotated_ast.go:205.10,206.20 1 0
github.com/stackql/stackql/internal/stackql/astanalysis/annotatedast/annotated_ast.go:210.103,211.26 1 1
github.com/stackql/stackql/internal/stackql/astanalysis/annotatedast/annotated_ast.go:212.35,214.9 2 0
github.com/stackql/stackql/internal/stackql/astanalysis/annotatedast/annotated_ast.go:214.9,216.4 1 0
github.com/stackql/stackql/internal/stackql/astanalysis/annotatedast/annotated_ast.go:217.3,217.32 1 0
github.com/stackql/stackql/internal/stackql/astanalysis/annotatedast/annotated_ast.go:218.27,220.16 2 1
github.com/stackql/stackql/internal/stackql/astanalysis/annotatedast/annotated_ast.go:221.10,222.20 1 0
github.com/stackql/stackql/internal/stackql/astanalysis/annotatedast/annotated_ast.go:226.80,228.2 1 1
github.com/stackql/stackql/internal/stackql/astanalysis/annotatedast/annotated_ast.go:230.100,231.26 1 1
github.com/stackql/stackql/internal/stackql/astanalysis/annotatedast/annotated_ast.go:232.27,234.13 2 1
github.com/stackql/stackql/internal/stackql/astanalysis/annotatedast/annotated_ast.go:234.13,236.4 1 0
github.com/stackql/stackql/internal/stackql/astanalysis/annotatedast/annotated_ast.go:236.9,238.4 1 1
github.com/stackql/stackql/internal/stackql/astanalysis/annotatedast/annotated_ast.go:239.35,242.13 2 0
github.com/stackql/stackql/internal/stackql/astanalysis/annotatedast/annotated_ast.go:242.13,244.4 1 0
github.com/stackql/stackql/internal/stackql/astanalysis/annotatedast/annotated_ast.go:244.9,246.4 1 0
github.com/stackql/stackql/internal/stackql/astanalysis/annotatedast/annotated_ast.go:247.22,249.13 2 0
github.com/stackql/stackql/internal/stackql/astanalysis/annotatedast/annotated_ast.go:249.13,251.4 1 0
github.com/stackql/stackql/internal/stackql/astanalysis/annotatedast/annotated_ast.go:251.9,253.4 1 0
github.com/stackql/stackql/internal/stackql/astanalysis/annotatedast/annotated_ast.go:254.42,256.13 2 0
github.com/stackql/stackql/internal/stackql/astanalysis/annotatedast/annotated_ast.go:256.13,258.4 1 0
github.com/stackql/stackql/internal/stackql/astanalysis/annotatedast/annotated_ast.go:258.9,260.4 1 0
github.com/stackql/stackql/internal/stackql/astanalysis/annotatedast/annotated_ast.go:261.10,261.10 0 0
github.com/stackql/stackql/internal/stackql/astanalysis/annotatedast/annotated_ast.go:265.108,266.26 1 1
github.com/stackql/stackql/internal/stackql/astanalysis/annotatedast/annotated_ast.go:267.27,268.52 1 1
github.com/stackql/stackql/internal/stackql/astanalysis/annotatedast/annotated_ast.go:269.35,271.55 1 0
github.com/stackql/stackql/internal/stackql/astanalysis/annotatedast/annotated_ast.go:272.10,272.10 0 0
github.com/stackql/stackql/internal/stackql/astanalysis/annotatedast/annotated_ast.go:276.105,277.26 1 1
github.com/stackql/stackql/internal/stackql/astanalysis/annotatedast/annotated_ast.go:278.27,279.49 1 1
github.com/stackql/stackql/internal/stackql/astanalysis/annotatedast/annotated_ast.go:280.35,282.52 1 0
github.com/stackql/stackql/internal/stackql/astanalysis/annotatedast/annotated_ast.go:283.10,283.10 0 0
github.com/stackql/stackql/internal/stackql/astanalysis/annotatedast/annotated_ast.go:287.118,288.26 1 0
github.com/stackql/stackql/internal/stackql/astanalysis/annotatedast/annotated_ast.go:289.27,290.56 1 0
github.com/stackql/stackql/internal/stackql/astanalysis/annotatedast/annotated_ast.go:291.10,291.10 0 0
github.com/stackql/stackql/internal/stackql/astanalysis/annotatedast/annotated_ast.go:295.111,296.26 1 0
github.com/stackql/stackql/internal/stackql/astanalysis/annotatedast/annotated_ast.go:297.35,298.37 1 0
github.com/stackql/stackql/internal/stackql/astanalysis/annotatedast/annotated_ast.go:299.27,301.16 2 0
github.com/stackql/stackql/internal/stackql/astanalysis/annotatedast/annotated_ast.go:302.10,303.20 1 0
